2022-05-08 17:00:25,973 [http-nio-8080-exec-5] INFO  com.cloud.web.config.testauth.TestPrincipalDetailsService(loadUserByUsername:62) - username    aj
2022-05-08 17:00:25,986 [http-nio-8080-exec-5] DEBUG org.hibernate.SQL(logStatement:144) - 
    select
        user0_.user_id as user_id1_6_,
        user0_.user_email as user_ema2_6_,
        user0_.user_login_id as user_log3_6_,
        user0_.user_name as user_nam4_6_,
        user0_.user_nickname as user_nic5_6_,
        user0_.user_password as user_pas6_6_,
        user0_.role_type as role_typ7_6_ 
    from
        users user0_ 
    where
        user0_.user_login_id=?
2022-05-08 17:00:25,991 [http-nio-8080-exec-5] TRACE org.hibernate.type.descriptor.sql.BasicBinder(bind:64) - binding parameter [1] as [VARCHAR] - [aj]
2022-05-08 17:00:26,013 [http-nio-8080-exec-5] TRACE org.hibernate.type.descriptor.sql.BasicExtractor(extract:60) - extracted value ([user_id1_6_] : [BIGINT]) - [20]
2022-05-08 17:00:26,013 [http-nio-8080-exec-5] TRACE org.hibernate.type.descriptor.sql.BasicExtractor(extract:60) - extracted value ([user_ema2_6_] : [VARCHAR]) - [aj@AJ]
2022-05-08 17:00:26,013 [http-nio-8080-exec-5] TRACE org.hibernate.type.descriptor.sql.BasicExtractor(extract:60) - extracted value ([user_log3_6_] : [VARCHAR]) - [aj]
2022-05-08 17:00:26,013 [http-nio-8080-exec-5] TRACE org.hibernate.type.descriptor.sql.BasicExtractor(extract:60) - extracted value ([user_nam4_6_] : [VARCHAR]) - [aj]
2022-05-08 17:00:26,013 [http-nio-8080-exec-5] TRACE org.hibernate.type.descriptor.sql.BasicExtractor(extract:60) - extracted value ([user_nic5_6_] : [VARCHAR]) - [aj]
2022-05-08 17:00:26,013 [http-nio-8080-exec-5] TRACE org.hibernate.type.descriptor.sql.BasicExtractor(extract:60) - extracted value ([user_pas6_6_] : [VARCHAR]) - [$2a$10$HWTscxaQ7DUt6dfqPOm3/uHsYxuBBlypledOjxvMyUzGdADyqbPA2]
2022-05-08 17:00:26,013 [http-nio-8080-exec-5] TRACE org.hibernate.type.descriptor.sql.BasicExtractor(extract:60) - extracted value ([role_typ7_6_] : [VARCHAR]) - [ROLE_USER]
2022-05-08 17:02:26,739 [http-nio-8080-exec-1] INFO  com.cloud.web.config.testauth.TestPrincipalDetailsService(loadUserByUsername:62) - username    aj
2022-05-08 17:02:26,740 [http-nio-8080-exec-1] DEBUG org.hibernate.SQL(logStatement:144) - 
    select
        user0_.user_id as user_id1_6_,
        user0_.user_email as user_ema2_6_,
        user0_.user_login_id as user_log3_6_,
        user0_.user_name as user_nam4_6_,
        user0_.user_nickname as user_nic5_6_,
        user0_.user_password as user_pas6_6_,
        user0_.role_type as role_typ7_6_ 
    from
        users user0_ 
    where
        user0_.user_login_id=?
2022-05-08 17:02:26,755 [http-nio-8080-exec-1] TRACE org.hibernate.type.descriptor.sql.BasicBinder(bind:64) - binding parameter [1] as [VARCHAR] - [aj]
2022-05-08 17:02:26,768 [http-nio-8080-exec-1] TRACE org.hibernate.type.descriptor.sql.BasicExtractor(extract:60) - extracted value ([user_id1_6_] : [BIGINT]) - [20]
2022-05-08 17:02:26,769 [http-nio-8080-exec-1] TRACE org.hibernate.type.descriptor.sql.BasicExtractor(extract:60) - extracted value ([user_ema2_6_] : [VARCHAR]) - [aj@AJ]
2022-05-08 17:02:26,769 [http-nio-8080-exec-1] TRACE org.hibernate.type.descriptor.sql.BasicExtractor(extract:60) - extracted value ([user_log3_6_] : [VARCHAR]) - [aj]
2022-05-08 17:02:26,769 [http-nio-8080-exec-1] TRACE org.hibernate.type.descriptor.sql.BasicExtractor(extract:60) - extracted value ([user_nam4_6_] : [VARCHAR]) - [aj]
2022-05-08 17:02:26,769 [http-nio-8080-exec-1] TRACE org.hibernate.type.descriptor.sql.BasicExtractor(extract:60) - extracted value ([user_nic5_6_] : [VARCHAR]) - [aj]
2022-05-08 17:02:26,769 [http-nio-8080-exec-1] TRACE org.hibernate.type.descriptor.sql.BasicExtractor(extract:60) - extracted value ([user_pas6_6_] : [VARCHAR]) - [$2a$10$HWTscxaQ7DUt6dfqPOm3/uHsYxuBBlypledOjxvMyUzGdADyqbPA2]
2022-05-08 17:02:26,769 [http-nio-8080-exec-1] TRACE org.hibernate.type.descriptor.sql.BasicExtractor(extract:60) - extracted value ([role_typ7_6_] : [VARCHAR]) - [ROLE_USER]
2022-05-08 17:02:58,400 [http-nio-8080-exec-3] INFO  com.cloud.web.config.testauth.TestPrincipalDetailsService(loadUserByUsername:62) - username    aj
2022-05-08 17:02:58,401 [http-nio-8080-exec-3] DEBUG org.hibernate.SQL(logStatement:144) - 
    select
        user0_.user_id as user_id1_6_,
        user0_.user_email as user_ema2_6_,
        user0_.user_login_id as user_log3_6_,
        user0_.user_name as user_nam4_6_,
        user0_.user_nickname as user_nic5_6_,
        user0_.user_password as user_pas6_6_,
        user0_.role_type as role_typ7_6_ 
    from
        users user0_ 
    where
        user0_.user_login_id=?
2022-05-08 17:02:58,429 [http-nio-8080-exec-3] TRACE org.hibernate.type.descriptor.sql.BasicBinder(bind:64) - binding parameter [1] as [VARCHAR] - [aj]
2022-05-08 17:02:58,442 [http-nio-8080-exec-3] TRACE org.hibernate.type.descriptor.sql.BasicExtractor(extract:60) - extracted value ([user_id1_6_] : [BIGINT]) - [20]
2022-05-08 17:02:58,442 [http-nio-8080-exec-3] TRACE org.hibernate.type.descriptor.sql.BasicExtractor(extract:60) - extracted value ([user_ema2_6_] : [VARCHAR]) - [aj@AJ]
2022-05-08 17:02:58,442 [http-nio-8080-exec-3] TRACE org.hibernate.type.descriptor.sql.BasicExtractor(extract:60) - extracted value ([user_log3_6_] : [VARCHAR]) - [aj]
2022-05-08 17:02:58,442 [http-nio-8080-exec-3] TRACE org.hibernate.type.descriptor.sql.BasicExtractor(extract:60) - extracted value ([user_nam4_6_] : [VARCHAR]) - [aj]
2022-05-08 17:02:58,442 [http-nio-8080-exec-3] TRACE org.hibernate.type.descriptor.sql.BasicExtractor(extract:60) - extracted value ([user_nic5_6_] : [VARCHAR]) - [aj]
2022-05-08 17:02:58,442 [http-nio-8080-exec-3] TRACE org.hibernate.type.descriptor.sql.BasicExtractor(extract:60) - extracted value ([user_pas6_6_] : [VARCHAR]) - [$2a$10$HWTscxaQ7DUt6dfqPOm3/uHsYxuBBlypledOjxvMyUzGdADyqbPA2]
2022-05-08 17:02:58,443 [http-nio-8080-exec-3] TRACE org.hibernate.type.descriptor.sql.BasicExtractor(extract:60) - extracted value ([role_typ7_6_] : [VARCHAR]) - [ROLE_USER]
2022-05-08 17:27:00,380 [SpringApplicationShutdownHook] INFO  org.springframework.orm.jpa.LocalContainerEntityManagerFactoryBean(destroy:651) - Closing JPA EntityManagerFactory for persistence unit 'default'
2022-05-08 17:27:00,380 [SpringApplicationShutdownHook] INFO  com.zaxxer.hikari.HikariDataSource(close:350) - HikariPool-1 - Shutdown initiated...
2022-05-08 17:27:00,496 [SpringApplicationShutdownHook] INFO  com.zaxxer.hikari.HikariDataSource(close:352) - HikariPool-1 - Shutdown completed.
2022-05-08 17:27:38,842 [restartedMain] INFO  com.cloud.web.WebApplication(logStarting:55) - Starting WebApplication using Java 11.0.6 on LAPTOP-A4VCJ045 with PID 15264 (C:\WebCloud\web\out\production\classes started by tncks in C:\WebCloud\web)
2022-05-08 17:27:38,854 [restartedMain] INFO  com.cloud.web.WebApplication(logStartupProfileInfo:640) - No active profile set, falling back to 1 default profile: "default"
2022-05-08 17:27:38,917 [restartedMain] INFO  org.springframework.boot.devtools.env.DevToolsPropertyDefaultsPostProcessor(logTo:255) - Devtools property defaults active! Set 'spring.devtools.add-properties' to 'false' to disable
2022-05-08 17:27:38,917 [restartedMain] INFO  org.springframework.boot.devtools.env.DevToolsPropertyDefaultsPostProcessor(logTo:255) - For additional web related logging consider setting the 'logging.level.web' property to 'DEBUG'
2022-05-08 17:27:39,855 [restartedMain] INFO  org.springframework.data.repository.config.RepositoryConfigurationDelegate(registerRepositoriesIn:132) - Bootstrapping Spring Data JPA repositories in DEFAULT mode.
2022-05-08 17:27:39,955 [restartedMain] INFO  org.springframework.data.repository.config.RepositoryConfigurationDelegate(registerRepositoriesIn:201) - Finished Spring Data repository scanning in 96 ms. Found 7 JPA repository interfaces.
2022-05-08 17:27:40,869 [restartedMain] INFO  org.springframework.boot.web.embedded.tomcat.TomcatWebServer(initialize:108) - Tomcat initialized with port(s): 8080 (http)
2022-05-08 17:27:40,885 [restartedMain] INFO  org.apache.coyote.http11.Http11NioProtocol(log:173) - Initializing ProtocolHandler ["http-nio-8080"]
2022-05-08 17:27:40,890 [restartedMain] INFO  org.apache.catalina.core.StandardService(log:173) - Starting service [Tomcat]
2022-05-08 17:27:40,891 [restartedMain] INFO  org.apache.catalina.core.StandardEngine(log:173) - Starting Servlet engine: [Apache Tomcat/9.0.62]
2022-05-08 17:27:41,008 [restartedMain] INFO  org.apache.catalina.core.ContainerBase.[Tomcat].[localhost].[/](log:173) - Initializing Spring embedded WebApplicationContext
2022-05-08 17:27:41,008 [restartedMain] INFO  org.springframework.boot.web.servlet.context.ServletWebServerApplicationContext(prepareWebApplicationContext:290) - Root WebApplicationContext: initialization completed in 2091 ms
2022-05-08 17:27:41,114 [restartedMain] WARN  org.apache.catalina.core.ContainerBase.[Tomcat].[localhost].[/](log:173) - Cannot deserialize session attribute [SPRING_SECURITY_CONTEXT] for session [7547C1538CA207A3607D4EC557B6596C]
2022-05-08 17:27:41,114 [restartedMain] ERROR org.apache.catalina.session.StandardManager(log:175) - Exception loading sessions from persistent storage
java.io.StreamCorruptedException: invalid type code: 00
	at java.io.ObjectInputStream.readObject0(ObjectInputStream.java:1677) ~[?:?]
	at java.io.ObjectInputStream.defaultReadFields(ObjectInputStream.java:2410) ~[?:?]
	at java.io.ObjectInputStream.defaultReadObject(ObjectInputStream.java:600) ~[?:?]
	at java.lang.Throwable.readObject(Throwable.java:896) ~[?:?]
	at jdk.internal.reflect.NativeMethodAccessorImpl.invoke0(Native Method) ~[?:?]
	at jdk.internal.reflect.NativeMethodAccessorImpl.invoke(NativeMethodAccessorImpl.java:62) ~[?:?]
	at jdk.internal.reflect.DelegatingMethodAccessorImpl.invoke(DelegatingMethodAccessorImpl.java:43) ~[?:?]
	at java.lang.reflect.Method.invoke(Method.java:566) ~[?:?]
	at java.io.ObjectStreamClass.invokeReadObject(ObjectStreamClass.java:1160) ~[?:?]
	at java.io.ObjectInputStream.readSerialData(ObjectInputStream.java:2271) ~[?:?]
	at java.io.ObjectInputStream.readOrdinaryObject(ObjectInputStream.java:2142) ~[?:?]
	at java.io.ObjectInputStream.readObject0(ObjectInputStream.java:1646) ~[?:?]
	at java.io.ObjectInputStream.readObject(ObjectInputStream.java:464) ~[?:?]
	at java.io.ObjectInputStream.readObject(ObjectInputStream.java:422) ~[?:?]
	at org.apache.catalina.session.StandardSession.doReadObject(StandardSession.java:1564) ~[tomcat-embed-core-9.0.62.jar:9.0.62]
	at org.apache.catalina.session.StandardSession.readObjectData(StandardSession.java:1050) ~[tomcat-embed-core-9.0.62.jar:9.0.62]
	at org.apache.catalina.session.StandardManager.doLoad(StandardManager.java:219) ~[tomcat-embed-core-9.0.62.jar:9.0.62]
	at org.apache.catalina.session.StandardManager.load(StandardManager.java:162) ~[tomcat-embed-core-9.0.62.jar:9.0.62]
	at org.apache.catalina.session.StandardManager.startInternal(StandardManager.java:356) ~[tomcat-embed-core-9.0.62.jar:9.0.62]
	at org.apache.catalina.util.LifecycleBase.start(LifecycleBase.java:183) ~[tomcat-embed-core-9.0.62.jar:9.0.62]
	at org.apache.catalina.core.StandardContext.startInternal(StandardContext.java:5247) ~[tomcat-embed-core-9.0.62.jar:9.0.62]
	at org.apache.catalina.util.LifecycleBase.start(LifecycleBase.java:183) ~[tomcat-embed-core-9.0.62.jar:9.0.62]
	at org.apache.catalina.core.ContainerBase$StartChild.call(ContainerBase.java:1396) ~[tomcat-embed-core-9.0.62.jar:9.0.62]
	at org.apache.catalina.core.ContainerBase$StartChild.call(ContainerBase.java:1386) ~[tomcat-embed-core-9.0.62.jar:9.0.62]
	at java.util.concurrent.FutureTask.run(FutureTask.java:264) ~[?:?]
	at org.apache.tomcat.util.threads.InlineExecutorService.execute(InlineExecutorService.java:75) ~[tomcat-embed-core-9.0.62.jar:9.0.62]
	at java.util.concurrent.AbstractExecutorService.submit(AbstractExecutorService.java:140) ~[?:?]
	at org.apache.catalina.core.ContainerBase.startInternal(ContainerBase.java:919) ~[tomcat-embed-core-9.0.62.jar:9.0.62]
	at org.apache.catalina.core.StandardHost.startInternal(StandardHost.java:835) ~[tomcat-embed-core-9.0.62.jar:9.0.62]
	at org.apache.catalina.util.LifecycleBase.start(LifecycleBase.java:183) ~[tomcat-embed-core-9.0.62.jar:9.0.62]
	at org.apache.catalina.core.ContainerBase$StartChild.call(ContainerBase.java:1396) ~[tomcat-embed-core-9.0.62.jar:9.0.62]
	at org.apache.catalina.core.ContainerBase$StartChild.call(ContainerBase.java:1386) ~[tomcat-embed-core-9.0.62.jar:9.0.62]
	at java.util.concurrent.FutureTask.run(FutureTask.java:264) ~[?:?]
	at org.apache.tomcat.util.threads.InlineExecutorService.execute(InlineExecutorService.java:75) ~[tomcat-embed-core-9.0.62.jar:9.0.62]
	at java.util.concurrent.AbstractExecutorService.submit(AbstractExecutorService.java:140) ~[?:?]
	at org.apache.catalina.core.ContainerBase.startInternal(ContainerBase.java:919) ~[tomcat-embed-core-9.0.62.jar:9.0.62]
	at org.apache.catalina.core.StandardEngine.startInternal(StandardEngine.java:263) ~[tomcat-embed-core-9.0.62.jar:9.0.62]
	at org.apache.catalina.util.LifecycleBase.start(LifecycleBase.java:183) ~[tomcat-embed-core-9.0.62.jar:9.0.62]
	at org.apache.catalina.core.StandardService.startInternal(StandardService.java:432) ~[tomcat-embed-core-9.0.62.jar:9.0.62]
	at org.apache.catalina.util.LifecycleBase.start(LifecycleBase.java:183) ~[tomcat-embed-core-9.0.62.jar:9.0.62]
	at org.apache.catalina.core.StandardServer.startInternal(StandardServer.java:927) ~[tomcat-embed-core-9.0.62.jar:9.0.62]
	at org.apache.catalina.util.LifecycleBase.start(LifecycleBase.java:183) ~[tomcat-embed-core-9.0.62.jar:9.0.62]
	at org.apache.catalina.startup.Tomcat.start(Tomcat.java:486) ~[tomcat-embed-core-9.0.62.jar:9.0.62]
	at org.springframework.boot.web.embedded.tomcat.TomcatWebServer.initialize(TomcatWebServer.java:123) ~[spring-boot-2.6.7.jar:2.6.7]
	at org.springframework.boot.web.embedded.tomcat.TomcatWebServer.<init>(TomcatWebServer.java:104) ~[spring-boot-2.6.7.jar:2.6.7]
	at org.springframework.boot.web.embedded.tomcat.TomcatServletWebServerFactory.getTomcatWebServer(TomcatServletWebServerFactory.java:479) ~[spring-boot-2.6.7.jar:2.6.7]
	at org.springframework.boot.web.embedded.tomcat.TomcatServletWebServerFactory.getWebServer(TomcatServletWebServerFactory.java:211) ~[spring-boot-2.6.7.jar:2.6.7]
	at org.springframework.boot.web.servlet.context.ServletWebServerApplicationContext.createWebServer(ServletWebServerApplicationContext.java:182) ~[spring-boot-2.6.7.jar:2.6.7]
	at org.springframework.boot.web.servlet.context.ServletWebServerApplicationContext.onRefresh(ServletWebServerApplicationContext.java:160) ~[spring-boot-2.6.7.jar:2.6.7]
	at org.springframework.context.support.AbstractApplicationContext.refresh(AbstractApplicationContext.java:577) ~[spring-context-5.3.19.jar:5.3.19]
	at org.springframework.boot.web.servlet.context.ServletWebServerApplicationContext.refresh(ServletWebServerApplicationContext.java:145) ~[spring-boot-2.6.7.jar:2.6.7]
	at org.springframework.boot.SpringApplication.refresh(SpringApplication.java:740) ~[spring-boot-2.6.7.jar:2.6.7]
	at org.springframework.boot.SpringApplication.refreshContext(SpringApplication.java:415) ~[spring-boot-2.6.7.jar:2.6.7]
	at org.springframework.boot.SpringApplication.run(SpringApplication.java:303) ~[spring-boot-2.6.7.jar:2.6.7]
	at org.springframework.boot.SpringApplication.run(SpringApplication.java:1312) ~[spring-boot-2.6.7.jar:2.6.7]
	at org.springframework.boot.SpringApplication.run(SpringApplication.java:1301) ~[spring-boot-2.6.7.jar:2.6.7]
	at com.cloud.web.WebApplication.main(WebApplication.java:12) ~[classes/:?]
	at jdk.internal.reflect.NativeMethodAccessorImpl.invoke0(Native Method) ~[?:?]
	at jdk.internal.reflect.NativeMethodAccessorImpl.invoke(NativeMethodAccessorImpl.java:62) ~[?:?]
	at jdk.internal.reflect.DelegatingMethodAccessorImpl.invoke(DelegatingMethodAccessorImpl.java:43) ~[?:?]
	at java.lang.reflect.Method.invoke(Method.java:566) ~[?:?]
	at org.springframework.boot.devtools.restart.RestartLauncher.run(RestartLauncher.java:49) ~[spring-boot-devtools-2.6.7.jar:2.6.7]
2022-05-08 17:27:41,381 [restartedMain] INFO  org.hibernate.jpa.internal.util.LogHelper(logPersistenceUnitInformation:31) - HHH000204: Processing PersistenceUnitInfo [name: default]
2022-05-08 17:27:41,467 [restartedMain] INFO  org.hibernate.Version(logVersion:44) - HHH000412: Hibernate ORM core version 5.6.8.Final
2022-05-08 17:27:41,727 [restartedMain] INFO  org.hibernate.annotations.common.Version(<clinit>:56) - HCANN000001: Hibernate Commons Annotations {5.1.2.Final}
2022-05-08 17:27:41,840 [restartedMain] INFO  com.zaxxer.hikari.HikariDataSource(getConnection:110) - HikariPool-1 - Starting...
2022-05-08 17:27:41,979 [restartedMain] INFO  com.zaxxer.hikari.HikariDataSource(getConnection:123) - HikariPool-1 - Start completed.
2022-05-08 17:27:42,000 [restartedMain] INFO  org.hibernate.dialect.Dialect(<init>:175) - HHH000400: Using dialect: org.hibernate.dialect.MySQL5InnoDBDialect
2022-05-08 17:27:42,885 [restartedMain] INFO  org.hibernate.engine.transaction.jta.platform.internal.JtaPlatformInitiator(initiateService:52) - HHH000490: Using JtaPlatform implementation: [org.hibernate.engine.transaction.jta.platform.internal.NoJtaPlatform]
2022-05-08 17:27:42,906 [restartedMain] INFO  org.springframework.orm.jpa.LocalContainerEntityManagerFactoryBean(buildNativeEntityManagerFactory:437) - Initialized JPA EntityManagerFactory for persistence unit 'default'
2022-05-08 17:27:43,002 [restartedMain] WARN  org.springframework.boot.autoconfigure.orm.jpa.JpaBaseConfiguration$JpaWebConfiguration(openEntityManagerInViewInterceptor:219) - spring.jpa.open-in-view is enabled by default. Therefore, database queries may be performed during view rendering. Explicitly configure spring.jpa.open-in-view to disable this warning
2022-05-08 17:27:43,813 [restartedMain] INFO  org.springframework.security.web.DefaultSecurityFilterChain(<init>:55) - Will secure any request with [org.springframework.security.web.context.request.async.WebAsyncManagerIntegrationFilter@651da0bb, org.springframework.security.web.context.SecurityContextPersistenceFilter@3773d150, org.springframework.security.web.header.HeaderWriterFilter@3546f9b5, org.springframework.security.web.authentication.logout.LogoutFilter@1d39d5ae, org.springframework.security.web.authentication.UsernamePasswordAuthenticationFilter@5494ba98, org.springframework.security.web.savedrequest.RequestCacheAwareFilter@4fc970ab, org.springframework.security.web.servletapi.SecurityContextHolderAwareRequestFilter@4798202d, org.springframework.security.web.authentication.AnonymousAuthenticationFilter@7872ec5b, org.springframework.security.web.session.SessionManagementFilter@5287a180, org.springframework.security.web.access.ExceptionTranslationFilter@540d490c, org.springframework.security.web.access.intercept.FilterSecurityInterceptor@2947ccc]
2022-05-08 17:27:44,507 [restartedMain] INFO  org.springframework.boot.devtools.autoconfigure.OptionalLiveReloadServer(startServer:58) - LiveReload server is running on port 35729
2022-05-08 17:27:44,528 [restartedMain] INFO  org.apache.coyote.http11.Http11NioProtocol(log:173) - Starting ProtocolHandler ["http-nio-8080"]
2022-05-08 17:27:44,549 [restartedMain] INFO  org.springframework.boot.web.embedded.tomcat.TomcatWebServer(start:220) - Tomcat started on port(s): 8080 (http) with context path ''
2022-05-08 17:27:44,571 [restartedMain] INFO  com.cloud.web.WebApplication(logStarted:61) - Started WebApplication in 6.122 seconds (JVM running for 8.484)
2022-05-08 17:27:53,243 [SpringApplicationShutdownHook] INFO  org.springframework.orm.jpa.LocalContainerEntityManagerFactoryBean(destroy:651) - Closing JPA EntityManagerFactory for persistence unit 'default'
2022-05-08 17:27:53,243 [SpringApplicationShutdownHook] INFO  com.zaxxer.hikari.HikariDataSource(close:350) - HikariPool-1 - Shutdown initiated...
2022-05-08 17:27:53,349 [SpringApplicationShutdownHook] INFO  com.zaxxer.hikari.HikariDataSource(close:352) - HikariPool-1 - Shutdown completed.
2022-05-08 17:27:59,291 [restartedMain] INFO  com.cloud.web.WebApplication(logStarting:55) - Starting WebApplication using Java 11.0.6 on LAPTOP-A4VCJ045 with PID 17264 (C:\WebCloud\web\out\production\classes started by tncks in C:\WebCloud\web)
2022-05-08 17:27:59,301 [restartedMain] INFO  com.cloud.web.WebApplication(logStartupProfileInfo:640) - No active profile set, falling back to 1 default profile: "default"
2022-05-08 17:27:59,355 [restartedMain] INFO  org.springframework.boot.devtools.env.DevToolsPropertyDefaultsPostProcessor(logTo:255) - Devtools property defaults active! Set 'spring.devtools.add-properties' to 'false' to disable
2022-05-08 17:27:59,355 [restartedMain] INFO  org.springframework.boot.devtools.env.DevToolsPropertyDefaultsPostProcessor(logTo:255) - For additional web related logging consider setting the 'logging.level.web' property to 'DEBUG'
2022-05-08 17:28:00,222 [restartedMain] INFO  org.springframework.data.repository.config.RepositoryConfigurationDelegate(registerRepositoriesIn:132) - Bootstrapping Spring Data JPA repositories in DEFAULT mode.
2022-05-08 17:28:00,314 [restartedMain] INFO  org.springframework.data.repository.config.RepositoryConfigurationDelegate(registerRepositoriesIn:201) - Finished Spring Data repository scanning in 89 ms. Found 7 JPA repository interfaces.
2022-05-08 17:28:01,114 [restartedMain] INFO  org.springframework.boot.web.embedded.tomcat.TomcatWebServer(initialize:108) - Tomcat initialized with port(s): 8080 (http)
2022-05-08 17:28:01,130 [restartedMain] INFO  org.apache.coyote.http11.Http11NioProtocol(log:173) - Initializing ProtocolHandler ["http-nio-8080"]
2022-05-08 17:28:01,130 [restartedMain] INFO  org.apache.catalina.core.StandardService(log:173) - Starting service [Tomcat]
2022-05-08 17:28:01,130 [restartedMain] INFO  org.apache.catalina.core.StandardEngine(log:173) - Starting Servlet engine: [Apache Tomcat/9.0.62]
2022-05-08 17:28:01,230 [restartedMain] INFO  org.apache.catalina.core.ContainerBase.[Tomcat].[localhost].[/](log:173) - Initializing Spring embedded WebApplicationContext
2022-05-08 17:28:01,232 [restartedMain] INFO  org.springframework.boot.web.servlet.context.ServletWebServerApplicationContext(prepareWebApplicationContext:290) - Root WebApplicationContext: initialization completed in 1877 ms
2022-05-08 17:28:01,467 [restartedMain] INFO  org.hibernate.jpa.internal.util.LogHelper(logPersistenceUnitInformation:31) - HHH000204: Processing PersistenceUnitInfo [name: default]
2022-05-08 17:28:01,520 [restartedMain] INFO  org.hibernate.Version(logVersion:44) - HHH000412: Hibernate ORM core version 5.6.8.Final
2022-05-08 17:28:01,669 [restartedMain] INFO  org.hibernate.annotations.common.Version(<clinit>:56) - HCANN000001: Hibernate Commons Annotations {5.1.2.Final}
2022-05-08 17:28:01,775 [restartedMain] INFO  com.zaxxer.hikari.HikariDataSource(getConnection:110) - HikariPool-1 - Starting...
2022-05-08 17:28:01,904 [restartedMain] INFO  com.zaxxer.hikari.HikariDataSource(getConnection:123) - HikariPool-1 - Start completed.
2022-05-08 17:28:01,919 [restartedMain] INFO  org.hibernate.dialect.Dialect(<init>:175) - HHH000400: Using dialect: org.hibernate.dialect.MySQL5InnoDBDialect
2022-05-08 17:28:02,586 [restartedMain] INFO  org.hibernate.engine.transaction.jta.platform.internal.JtaPlatformInitiator(initiateService:52) - HHH000490: Using JtaPlatform implementation: [org.hibernate.engine.transaction.jta.platform.internal.NoJtaPlatform]
2022-05-08 17:28:02,602 [restartedMain] INFO  org.springframework.orm.jpa.LocalContainerEntityManagerFactoryBean(buildNativeEntityManagerFactory:437) - Initialized JPA EntityManagerFactory for persistence unit 'default'
2022-05-08 17:28:02,667 [restartedMain] WARN  org.springframework.boot.autoconfigure.orm.jpa.JpaBaseConfiguration$JpaWebConfiguration(openEntityManagerInViewInterceptor:219) - spring.jpa.open-in-view is enabled by default. Therefore, database queries may be performed during view rendering. Explicitly configure spring.jpa.open-in-view to disable this warning
2022-05-08 17:28:03,344 [restartedMain] INFO  org.springframework.security.web.DefaultSecurityFilterChain(<init>:55) - Will secure any request with [org.springframework.security.web.context.request.async.WebAsyncManagerIntegrationFilter@1fd1a419, org.springframework.security.web.context.SecurityContextPersistenceFilter@46824924, org.springframework.security.web.header.HeaderWriterFilter@4d87961a, org.springframework.security.web.authentication.logout.LogoutFilter@6a870242, org.springframework.security.web.authentication.UsernamePasswordAuthenticationFilter@2868b561, org.springframework.security.web.savedrequest.RequestCacheAwareFilter@73cf4022, org.springframework.security.web.servletapi.SecurityContextHolderAwareRequestFilter@3488a5ca, org.springframework.security.web.authentication.AnonymousAuthenticationFilter@103364b7, org.springframework.security.web.session.SessionManagementFilter@446174bb, org.springframework.security.web.access.ExceptionTranslationFilter@411c614e, org.springframework.security.web.access.intercept.FilterSecurityInterceptor@20c411d3]
2022-05-08 17:28:04,037 [restartedMain] INFO  org.springframework.boot.devtools.autoconfigure.OptionalLiveReloadServer(startServer:58) - LiveReload server is running on port 35729
2022-05-08 17:28:04,063 [restartedMain] INFO  org.apache.coyote.http11.Http11NioProtocol(log:173) - Starting ProtocolHandler ["http-nio-8080"]
2022-05-08 17:28:04,090 [restartedMain] INFO  org.springframework.boot.web.embedded.tomcat.TomcatWebServer(start:220) - Tomcat started on port(s): 8080 (http) with context path ''
2022-05-08 17:28:04,101 [restartedMain] INFO  com.cloud.web.WebApplication(logStarted:61) - Started WebApplication in 5.223 seconds (JVM running for 7.401)
2022-05-08 17:28:05,955 [http-nio-8080-exec-1] INFO  org.apache.catalina.core.ContainerBase.[Tomcat].[localhost].[/](log:173) - Initializing Spring DispatcherServlet 'dispatcherServlet'
2022-05-08 17:28:05,956 [http-nio-8080-exec-1] INFO  org.springframework.web.servlet.DispatcherServlet(initServletBean:525) - Initializing Servlet 'dispatcherServlet'
2022-05-08 17:28:05,957 [http-nio-8080-exec-1] INFO  org.springframework.web.servlet.DispatcherServlet(initServletBean:547) - Completed initialization in 1 ms
2022-05-08 17:28:14,578 [http-nio-8080-exec-4] WARN  org.springframework.web.servlet.mvc.support.DefaultHandlerExceptionResolver(logException:208) - Resolved [org.springframework.web.HttpMediaTypeNotSupportedException: Content type 'application/x-www-form-urlencoded;charset=UTF-8' not supported]
2022-05-08 17:28:24,656 [SpringApplicationShutdownHook] INFO  org.springframework.orm.jpa.LocalContainerEntityManagerFactoryBean(destroy:651) - Closing JPA EntityManagerFactory for persistence unit 'default'
2022-05-08 17:28:24,656 [SpringApplicationShutdownHook] INFO  com.zaxxer.hikari.HikariDataSource(close:350) - HikariPool-1 - Shutdown initiated...
2022-05-08 17:28:24,762 [SpringApplicationShutdownHook] INFO  com.zaxxer.hikari.HikariDataSource(close:352) - HikariPool-1 - Shutdown completed.
2022-05-08 17:28:31,739 [restartedMain] INFO  com.cloud.web.WebApplication(logStarting:55) - Starting WebApplication using Java 11.0.6 on LAPTOP-A4VCJ045 with PID 6980 (C:\WebCloud\web\out\production\classes started by tncks in C:\WebCloud\web)
2022-05-08 17:28:31,749 [restartedMain] INFO  com.cloud.web.WebApplication(logStartupProfileInfo:640) - No active profile set, falling back to 1 default profile: "default"
2022-05-08 17:28:31,792 [restartedMain] INFO  org.springframework.boot.devtools.env.DevToolsPropertyDefaultsPostProcessor(logTo:255) - Devtools property defaults active! Set 'spring.devtools.add-properties' to 'false' to disable
2022-05-08 17:28:31,792 [restartedMain] INFO  org.springframework.boot.devtools.env.DevToolsPropertyDefaultsPostProcessor(logTo:255) - For additional web related logging consider setting the 'logging.level.web' property to 'DEBUG'
2022-05-08 17:28:32,666 [restartedMain] INFO  org.springframework.data.repository.config.RepositoryConfigurationDelegate(registerRepositoriesIn:132) - Bootstrapping Spring Data JPA repositories in DEFAULT mode.
2022-05-08 17:28:32,773 [restartedMain] INFO  org.springframework.data.repository.config.RepositoryConfigurationDelegate(registerRepositoriesIn:201) - Finished Spring Data repository scanning in 97 ms. Found 7 JPA repository interfaces.
2022-05-08 17:28:33,531 [restartedMain] INFO  org.springframework.boot.web.embedded.tomcat.TomcatWebServer(initialize:108) - Tomcat initialized with port(s): 8080 (http)
2022-05-08 17:28:33,546 [restartedMain] INFO  org.apache.coyote.http11.Http11NioProtocol(log:173) - Initializing ProtocolHandler ["http-nio-8080"]
2022-05-08 17:28:33,546 [restartedMain] INFO  org.apache.catalina.core.StandardService(log:173) - Starting service [Tomcat]
2022-05-08 17:28:33,546 [restartedMain] INFO  org.apache.catalina.core.StandardEngine(log:173) - Starting Servlet engine: [Apache Tomcat/9.0.62]
2022-05-08 17:28:33,658 [restartedMain] INFO  org.apache.catalina.core.ContainerBase.[Tomcat].[localhost].[/](log:173) - Initializing Spring embedded WebApplicationContext
2022-05-08 17:28:33,658 [restartedMain] INFO  org.springframework.boot.web.servlet.context.ServletWebServerApplicationContext(prepareWebApplicationContext:290) - Root WebApplicationContext: initialization completed in 1856 ms
2022-05-08 17:28:33,888 [restartedMain] INFO  org.hibernate.jpa.internal.util.LogHelper(logPersistenceUnitInformation:31) - HHH000204: Processing PersistenceUnitInfo [name: default]
2022-05-08 17:28:33,936 [restartedMain] INFO  org.hibernate.Version(logVersion:44) - HHH000412: Hibernate ORM core version 5.6.8.Final
2022-05-08 17:28:34,075 [restartedMain] INFO  org.hibernate.annotations.common.Version(<clinit>:56) - HCANN000001: Hibernate Commons Annotations {5.1.2.Final}
2022-05-08 17:28:34,170 [restartedMain] INFO  com.zaxxer.hikari.HikariDataSource(getConnection:110) - HikariPool-1 - Starting...
2022-05-08 17:28:34,314 [restartedMain] INFO  com.zaxxer.hikari.HikariDataSource(getConnection:123) - HikariPool-1 - Start completed.
2022-05-08 17:28:34,332 [restartedMain] INFO  org.hibernate.dialect.Dialect(<init>:175) - HHH000400: Using dialect: org.hibernate.dialect.MySQL5InnoDBDialect
2022-05-08 17:28:35,002 [restartedMain] INFO  org.hibernate.engine.transaction.jta.platform.internal.JtaPlatformInitiator(initiateService:52) - HHH000490: Using JtaPlatform implementation: [org.hibernate.engine.transaction.jta.platform.internal.NoJtaPlatform]
2022-05-08 17:28:35,013 [restartedMain] INFO  org.springframework.orm.jpa.LocalContainerEntityManagerFactoryBean(buildNativeEntityManagerFactory:437) - Initialized JPA EntityManagerFactory for persistence unit 'default'
2022-05-08 17:28:35,077 [restartedMain] WARN  org.springframework.boot.autoconfigure.orm.jpa.JpaBaseConfiguration$JpaWebConfiguration(openEntityManagerInViewInterceptor:219) - spring.jpa.open-in-view is enabled by default. Therefore, database queries may be performed during view rendering. Explicitly configure spring.jpa.open-in-view to disable this warning
2022-05-08 17:28:35,727 [restartedMain] INFO  org.springframework.security.web.DefaultSecurityFilterChain(<init>:55) - Will secure any request with [org.springframework.security.web.context.request.async.WebAsyncManagerIntegrationFilter@19438c55, org.springframework.security.web.context.SecurityContextPersistenceFilter@7610a45e, org.springframework.security.web.header.HeaderWriterFilter@2eb5b9cd, org.springframework.security.web.authentication.logout.LogoutFilter@561da0a0, org.springframework.security.web.authentication.UsernamePasswordAuthenticationFilter@1dcce264, org.springframework.security.web.savedrequest.RequestCacheAwareFilter@14e36c9, org.springframework.security.web.servletapi.SecurityContextHolderAwareRequestFilter@215252d7, org.springframework.security.web.authentication.AnonymousAuthenticationFilter@1f9d9728, org.springframework.security.web.session.SessionManagementFilter@1e3ece7e, org.springframework.security.web.access.ExceptionTranslationFilter@7f30bb22, org.springframework.security.web.access.intercept.FilterSecurityInterceptor@6840f440]
2022-05-08 17:28:36,410 [restartedMain] INFO  org.springframework.boot.devtools.autoconfigure.OptionalLiveReloadServer(startServer:58) - LiveReload server is running on port 35729
2022-05-08 17:28:36,432 [restartedMain] INFO  org.apache.coyote.http11.Http11NioProtocol(log:173) - Starting ProtocolHandler ["http-nio-8080"]
2022-05-08 17:28:36,453 [restartedMain] INFO  org.springframework.boot.web.embedded.tomcat.TomcatWebServer(start:220) - Tomcat started on port(s): 8080 (http) with context path ''
2022-05-08 17:28:36,472 [restartedMain] INFO  com.cloud.web.WebApplication(logStarted:61) - Started WebApplication in 5.163 seconds (JVM running for 7.273)
2022-05-08 17:28:45,532 [http-nio-8080-exec-1] INFO  org.apache.catalina.core.ContainerBase.[Tomcat].[localhost].[/](log:173) - Initializing Spring DispatcherServlet 'dispatcherServlet'
2022-05-08 17:28:45,532 [http-nio-8080-exec-1] INFO  org.springframework.web.servlet.DispatcherServlet(initServletBean:525) - Initializing Servlet 'dispatcherServlet'
2022-05-08 17:28:45,534 [http-nio-8080-exec-1] INFO  org.springframework.web.servlet.DispatcherServlet(initServletBean:547) - Completed initialization in 1 ms
2022-05-08 17:28:53,819 [http-nio-8080-exec-4] INFO  com.cloud.web.controller.test.testController(join:54) - service로 들어가서 join 들어가기 직전
2022-05-08 17:28:53,824 [http-nio-8080-exec-4] WARN  com.cloud.web.controller.test.testController(join:55) - ayayay@ay
2022-05-08 17:28:53,862 [http-nio-8080-exec-4] WARN  com.cloud.web.service.UserService(join:37) - paasword들어가기전
2022-05-08 17:28:53,863 [http-nio-8080-exec-4] WARN  com.cloud.web.service.UserService(join:39) - rawPw에 값이 들ㅇ어감ay
2022-05-08 17:28:53,974 [http-nio-8080-exec-4] WARN  com.cloud.web.service.UserService(join:41) - encodePw는 완료됨
2022-05-08 17:28:54,010 [http-nio-8080-exec-4] DEBUG org.hibernate.SQL(logStatement:144) - 
    insert 
    into
        users
        (user_email, user_login_id, user_name, user_nickname, user_password, role_type) 
    values
        (?, ?, ?, ?, ?, ?)
2022-05-08 17:28:54,022 [http-nio-8080-exec-4] TRACE org.hibernate.type.descriptor.sql.BasicBinder(bind:64) - binding parameter [1] as [VARCHAR] - [ay@ay]
2022-05-08 17:28:54,023 [http-nio-8080-exec-4] TRACE org.hibernate.type.descriptor.sql.BasicBinder(bind:64) - binding parameter [2] as [VARCHAR] - [ay]
2022-05-08 17:28:54,024 [http-nio-8080-exec-4] TRACE org.hibernate.type.descriptor.sql.BasicBinder(bind:64) - binding parameter [3] as [VARCHAR] - [ay]
2022-05-08 17:28:54,024 [http-nio-8080-exec-4] TRACE org.hibernate.type.descriptor.sql.BasicBinder(bind:64) - binding parameter [4] as [VARCHAR] - [ay]
2022-05-08 17:28:54,024 [http-nio-8080-exec-4] TRACE org.hibernate.type.descriptor.sql.BasicBinder(bind:64) - binding parameter [5] as [VARCHAR] - [$2a$10$P72UlbZtHUAtLnkOABfuJuV1vSVaqI9Oh8om.eISKc0djbHOvbUXO]
2022-05-08 17:28:54,024 [http-nio-8080-exec-4] TRACE org.hibernate.type.descriptor.sql.BasicBinder(bind:64) - binding parameter [6] as [VARCHAR] - [ROLE_USER]
2022-05-08 17:28:54,092 [http-nio-8080-exec-4] INFO  com.cloud.web.controller.test.testController(join:60) - 21
2022-05-08 17:41:16,471 [http-nio-8080-exec-8] INFO  com.cloud.web.config.testauth.TestPrincipalDetailsService(loadUserByUsername:62) - username    aj
2022-05-08 17:41:16,495 [http-nio-8080-exec-8] DEBUG org.hibernate.SQL(logStatement:144) - 
    select
        user0_.user_id as user_id1_6_,
        user0_.user_email as user_ema2_6_,
        user0_.user_login_id as user_log3_6_,
        user0_.user_name as user_nam4_6_,
        user0_.user_nickname as user_nic5_6_,
        user0_.user_password as user_pas6_6_,
        user0_.role_type as role_typ7_6_ 
    from
        users user0_ 
    where
        user0_.user_login_id=?
2022-05-08 17:41:16,516 [http-nio-8080-exec-8] TRACE org.hibernate.type.descriptor.sql.BasicBinder(bind:64) - binding parameter [1] as [VARCHAR] - [aj]
2022-05-08 17:41:16,537 [http-nio-8080-exec-8] TRACE org.hibernate.type.descriptor.sql.BasicExtractor(extract:60) - extracted value ([user_id1_6_] : [BIGINT]) - [20]
2022-05-08 17:41:16,537 [http-nio-8080-exec-8] TRACE org.hibernate.type.descriptor.sql.BasicExtractor(extract:60) - extracted value ([user_ema2_6_] : [VARCHAR]) - [aj@AJ]
2022-05-08 17:41:16,537 [http-nio-8080-exec-8] TRACE org.hibernate.type.descriptor.sql.BasicExtractor(extract:60) - extracted value ([user_log3_6_] : [VARCHAR]) - [aj]
2022-05-08 17:41:16,537 [http-nio-8080-exec-8] TRACE org.hibernate.type.descriptor.sql.BasicExtractor(extract:60) - extracted value ([user_nam4_6_] : [VARCHAR]) - [aj]
2022-05-08 17:41:16,537 [http-nio-8080-exec-8] TRACE org.hibernate.type.descriptor.sql.BasicExtractor(extract:60) - extracted value ([user_nic5_6_] : [VARCHAR]) - [aj]
2022-05-08 17:41:16,537 [http-nio-8080-exec-8] TRACE org.hibernate.type.descriptor.sql.BasicExtractor(extract:60) - extracted value ([user_pas6_6_] : [VARCHAR]) - [$2a$10$HWTscxaQ7DUt6dfqPOm3/uHsYxuBBlypledOjxvMyUzGdADyqbPA2]
2022-05-08 17:41:16,537 [http-nio-8080-exec-8] TRACE org.hibernate.type.descriptor.sql.BasicExtractor(extract:60) - extracted value ([role_typ7_6_] : [VARCHAR]) - [ROLE_USER]
2022-05-08 17:41:17,220 [http-nio-8080-exec-8] WARN  org.apache.catalina.util.SessionIdGeneratorBase(log:173) - Creation of SecureRandom instance for session ID generation using [SHA1PRNG] took [571] milliseconds.
