2022-05-01 22:00:36,228 [main] INFO  com.cloud.web.WebApplication(logStarting:55) - Starting WebApplication using Java 11.0.6 on LAPTOP-A4VCJ045 with PID 10260 (C:\WebCloud\web\out\production\classes started by tncks in C:\WebCloud\web)
2022-05-01 22:00:36,250 [main] INFO  com.cloud.web.WebApplication(logStartupProfileInfo:640) - No active profile set, falling back to 1 default profile: "default"
2022-05-01 22:00:36,939 [main] INFO  org.springframework.data.repository.config.RepositoryConfigurationDelegate(registerRepositoriesIn:132) - Bootstrapping Spring Data JPA repositories in DEFAULT mode.
2022-05-01 22:00:36,953 [main] INFO  org.springframework.data.repository.config.RepositoryConfigurationDelegate(registerRepositoriesIn:201) - Finished Spring Data repository scanning in 5 ms. Found 0 JPA repository interfaces.
2022-05-01 22:00:37,567 [main] INFO  org.springframework.boot.web.embedded.tomcat.TomcatWebServer(initialize:108) - Tomcat initialized with port(s): 8080 (http)
2022-05-01 22:00:37,580 [main] INFO  org.apache.coyote.http11.Http11NioProtocol(log:173) - Initializing ProtocolHandler ["http-nio-8080"]
2022-05-01 22:00:37,581 [main] INFO  org.apache.catalina.core.StandardService(log:173) - Starting service [Tomcat]
2022-05-01 22:00:37,582 [main] INFO  org.apache.catalina.core.StandardEngine(log:173) - Starting Servlet engine: [Apache Tomcat/9.0.62]
2022-05-01 22:00:37,744 [main] INFO  org.apache.catalina.core.ContainerBase.[Tomcat].[localhost].[/](log:173) - Initializing Spring embedded WebApplicationContext
2022-05-01 22:00:37,744 [main] INFO  org.springframework.boot.web.servlet.context.ServletWebServerApplicationContext(prepareWebApplicationContext:290) - Root WebApplicationContext: initialization completed in 1441 ms
2022-05-01 22:00:38,014 [main] INFO  org.hibernate.jpa.internal.util.LogHelper(logPersistenceUnitInformation:31) - HHH000204: Processing PersistenceUnitInfo [name: default]
2022-05-01 22:00:38,063 [main] INFO  org.hibernate.Version(logVersion:44) - HHH000412: Hibernate ORM core version 5.6.8.Final
2022-05-01 22:00:38,218 [main] INFO  org.hibernate.annotations.common.Version(<clinit>:56) - HCANN000001: Hibernate Commons Annotations {5.1.2.Final}
2022-05-01 22:00:38,324 [main] INFO  com.zaxxer.hikari.HikariDataSource(getConnection:110) - HikariPool-1 - Starting...
2022-05-01 22:00:38,383 [main] INFO  com.zaxxer.hikari.HikariDataSource(getConnection:123) - HikariPool-1 - Start completed.
2022-05-01 22:00:38,404 [main] INFO  org.hibernate.dialect.Dialect(<init>:175) - HHH000400: Using dialect: org.hibernate.dialect.MariaDB106Dialect
2022-05-01 22:00:38,896 [main] DEBUG org.hibernate.SQL(logStatement:144) - 
    
    drop table if exists user
2022-05-01 22:00:38,908 [main] INFO  p6spy(logSQL:60) - #1651410038908 | took 9ms | statement | connection 1| url jdbc:mariadb://localhost/cloud?user=cloud&password=***

    drop table if exists user

    drop table if exists user;
2022-05-01 22:00:38,909 [main] DEBUG org.hibernate.SQL(logStatement:144) - 
    
    drop sequence hibernate_sequence
2022-05-01 22:00:38,915 [main] INFO  p6spy(logSQL:60) - #1651410038915 | took 5ms | statement | connection 1| url jdbc:mariadb://localhost/cloud?user=cloud&password=***

    drop sequence hibernate_sequence

    drop sequence hibernate_sequence;
2022-05-01 22:00:38,918 [main] DEBUG org.hibernate.SQL(logStatement:144) - create sequence hibernate_sequence start with 1 increment by 1
2022-05-01 22:00:38,933 [main] INFO  p6spy(logSQL:60) - #1651410038933 | took 14ms | statement | connection 2| url jdbc:mariadb://localhost/cloud?user=cloud&password=***
create sequence hibernate_sequence start with 1 increment by 1
create sequence hibernate_sequence start with 1 increment by 1;
2022-05-01 22:00:38,934 [main] DEBUG org.hibernate.SQL(logStatement:144) - 
    
    create table user (
       id bigint not null,
        name varchar(255),
        primary key (id)
    ) engine=InnoDB
2022-05-01 22:00:38,943 [main] INFO  p6spy(logSQL:60) - #1651410038943 | took 8ms | statement | connection 2| url jdbc:mariadb://localhost/cloud?user=cloud&password=***

    create table user (
       id bigint not null,
        name varchar(255),
        primary key (id)
    ) engine=InnoDB

    create table user (
       id bigint not null,
        name varchar(255),
        primary key (id)
    ) engine=InnoDB;
2022-05-01 22:00:38,945 [main] INFO  org.hibernate.engine.transaction.jta.platform.internal.JtaPlatformInitiator(initiateService:52) - HHH000490: Using JtaPlatform implementation: [org.hibernate.engine.transaction.jta.platform.internal.NoJtaPlatform]
2022-05-01 22:00:38,954 [main] INFO  org.springframework.orm.jpa.LocalContainerEntityManagerFactoryBean(buildNativeEntityManagerFactory:437) - Initialized JPA EntityManagerFactory for persistence unit 'default'
2022-05-01 22:00:39,000 [main] WARN  org.springframework.boot.autoconfigure.orm.jpa.JpaBaseConfiguration$JpaWebConfiguration(openEntityManagerInViewInterceptor:219) - spring.jpa.open-in-view is enabled by default. Therefore, database queries may be performed during view rendering. Explicitly configure spring.jpa.open-in-view to disable this warning
2022-05-01 22:00:39,305 [main] WARN  org.springframework.boot.autoconfigure.thymeleaf.ThymeleafAutoConfiguration$DefaultTemplateResolverConfiguration(checkTemplateLocationExists:104) - Cannot find template location: classpath:/templates/ (please add some templates or check your Thymeleaf configuration)
2022-05-01 22:00:39,418 [main] INFO  org.apache.coyote.http11.Http11NioProtocol(log:173) - Starting ProtocolHandler ["http-nio-8080"]
2022-05-01 22:00:39,439 [main] INFO  org.springframework.boot.web.embedded.tomcat.TomcatWebServer(start:220) - Tomcat started on port(s): 8080 (http) with context path ''
2022-05-01 22:00:39,453 [main] INFO  com.cloud.web.WebApplication(logStarted:61) - Started WebApplication in 3.665 seconds (JVM running for 5.674)
2022-05-01 22:01:38,521 [SpringApplicationShutdownHook] INFO  org.springframework.orm.jpa.LocalContainerEntityManagerFactoryBean(destroy:651) - Closing JPA EntityManagerFactory for persistence unit 'default'
2022-05-01 22:01:38,524 [SpringApplicationShutdownHook] INFO  com.zaxxer.hikari.HikariDataSource(close:350) - HikariPool-1 - Shutdown initiated...
2022-05-01 22:01:38,532 [SpringApplicationShutdownHook] INFO  com.zaxxer.hikari.HikariDataSource(close:352) - HikariPool-1 - Shutdown completed.
2022-05-01 22:03:17,039 [main] INFO  com.cloud.web.WebApplication(logStarting:55) - Starting WebApplication using Java 11.0.6 on LAPTOP-A4VCJ045 with PID 10816 (C:\WebCloud\web\out\production\classes started by tncks in C:\WebCloud\web)
2022-05-01 22:03:17,047 [main] INFO  com.cloud.web.WebApplication(logStartupProfileInfo:640) - No active profile set, falling back to 1 default profile: "default"
2022-05-01 22:03:17,719 [main] INFO  org.springframework.data.repository.config.RepositoryConfigurationDelegate(registerRepositoriesIn:132) - Bootstrapping Spring Data JPA repositories in DEFAULT mode.
2022-05-01 22:03:17,733 [main] INFO  org.springframework.data.repository.config.RepositoryConfigurationDelegate(registerRepositoriesIn:201) - Finished Spring Data repository scanning in 5 ms. Found 0 JPA repository interfaces.
2022-05-01 22:03:18,298 [main] INFO  org.springframework.boot.web.embedded.tomcat.TomcatWebServer(initialize:108) - Tomcat initialized with port(s): 8080 (http)
2022-05-01 22:03:18,309 [main] INFO  org.apache.coyote.http11.Http11NioProtocol(log:173) - Initializing ProtocolHandler ["http-nio-8080"]
2022-05-01 22:03:18,309 [main] INFO  org.apache.catalina.core.StandardService(log:173) - Starting service [Tomcat]
2022-05-01 22:03:18,310 [main] INFO  org.apache.catalina.core.StandardEngine(log:173) - Starting Servlet engine: [Apache Tomcat/9.0.62]
2022-05-01 22:03:18,455 [main] INFO  org.apache.catalina.core.ContainerBase.[Tomcat].[localhost].[/](log:173) - Initializing Spring embedded WebApplicationContext
2022-05-01 22:03:18,455 [main] INFO  org.springframework.boot.web.servlet.context.ServletWebServerApplicationContext(prepareWebApplicationContext:290) - Root WebApplicationContext: initialization completed in 1366 ms
2022-05-01 22:03:18,690 [main] INFO  org.hibernate.jpa.internal.util.LogHelper(logPersistenceUnitInformation:31) - HHH000204: Processing PersistenceUnitInfo [name: default]
2022-05-01 22:03:18,741 [main] INFO  org.hibernate.Version(logVersion:44) - HHH000412: Hibernate ORM core version 5.6.8.Final
2022-05-01 22:03:18,881 [main] INFO  org.hibernate.annotations.common.Version(<clinit>:56) - HCANN000001: Hibernate Commons Annotations {5.1.2.Final}
2022-05-01 22:03:18,999 [main] INFO  com.zaxxer.hikari.HikariDataSource(getConnection:110) - HikariPool-1 - Starting...
2022-05-01 22:03:19,063 [main] INFO  com.zaxxer.hikari.HikariDataSource(getConnection:123) - HikariPool-1 - Start completed.
2022-05-01 22:03:19,082 [main] INFO  org.hibernate.dialect.Dialect(<init>:175) - HHH000400: Using dialect: org.hibernate.dialect.MariaDB106Dialect
2022-05-01 22:03:19,564 [main] DEBUG org.hibernate.SQL(logStatement:144) - 
    
    drop table if exists user
2022-05-01 22:03:19,586 [main] INFO  p6spy(logSQL:60) - #1651410199585 | took 19ms | statement | connection 1| url jdbc:mariadb://localhost/cloud?user=cloud&password=***

    drop table if exists user

    drop table if exists user;
2022-05-01 22:03:19,586 [main] DEBUG org.hibernate.SQL(logStatement:144) - 
    
    drop sequence hibernate_sequence
2022-05-01 22:03:19,592 [main] INFO  p6spy(logSQL:60) - #1651410199592 | took 5ms | statement | connection 1| url jdbc:mariadb://localhost/cloud?user=cloud&password=***

    drop sequence hibernate_sequence

    drop sequence hibernate_sequence;
2022-05-01 22:03:19,594 [main] DEBUG org.hibernate.SQL(logStatement:144) - create sequence hibernate_sequence start with 1 increment by 1
2022-05-01 22:03:19,610 [main] INFO  p6spy(logSQL:60) - #1651410199609 | took 14ms | statement | connection 2| url jdbc:mariadb://localhost/cloud?user=cloud&password=***
create sequence hibernate_sequence start with 1 increment by 1
create sequence hibernate_sequence start with 1 increment by 1;
2022-05-01 22:03:19,611 [main] DEBUG org.hibernate.SQL(logStatement:144) - 
    
    create table user (
       id bigint not null,
        name varchar(255),
        primary key (id)
    ) engine=InnoDB
2022-05-01 22:03:19,621 [main] INFO  p6spy(logSQL:60) - #1651410199620 | took 9ms | statement | connection 2| url jdbc:mariadb://localhost/cloud?user=cloud&password=***

    create table user (
       id bigint not null,
        name varchar(255),
        primary key (id)
    ) engine=InnoDB

    create table user (
       id bigint not null,
        name varchar(255),
        primary key (id)
    ) engine=InnoDB;
2022-05-01 22:03:19,623 [main] INFO  org.hibernate.engine.transaction.jta.platform.internal.JtaPlatformInitiator(initiateService:52) - HHH000490: Using JtaPlatform implementation: [org.hibernate.engine.transaction.jta.platform.internal.NoJtaPlatform]
2022-05-01 22:03:19,633 [main] INFO  org.springframework.orm.jpa.LocalContainerEntityManagerFactoryBean(buildNativeEntityManagerFactory:437) - Initialized JPA EntityManagerFactory for persistence unit 'default'
2022-05-01 22:03:19,672 [main] WARN  org.springframework.boot.autoconfigure.orm.jpa.JpaBaseConfiguration$JpaWebConfiguration(openEntityManagerInViewInterceptor:219) - spring.jpa.open-in-view is enabled by default. Therefore, database queries may be performed during view rendering. Explicitly configure spring.jpa.open-in-view to disable this warning
2022-05-01 22:03:19,964 [main] WARN  org.springframework.boot.autoconfigure.thymeleaf.ThymeleafAutoConfiguration$DefaultTemplateResolverConfiguration(checkTemplateLocationExists:104) - Cannot find template location: classpath:/templates/ (please add some templates or check your Thymeleaf configuration)
2022-05-01 22:03:20,075 [main] INFO  org.apache.coyote.http11.Http11NioProtocol(log:173) - Starting ProtocolHandler ["http-nio-8080"]
2022-05-01 22:03:20,096 [main] INFO  org.springframework.boot.web.embedded.tomcat.TomcatWebServer(start:220) - Tomcat started on port(s): 8080 (http) with context path ''
2022-05-01 22:03:20,111 [main] INFO  com.cloud.web.WebApplication(logStarted:61) - Started WebApplication in 3.508 seconds (JVM running for 5.486)
2022-05-01 22:04:51,834 [SpringApplicationShutdownHook] INFO  org.springframework.orm.jpa.LocalContainerEntityManagerFactoryBean(destroy:651) - Closing JPA EntityManagerFactory for persistence unit 'default'
2022-05-01 22:04:51,836 [SpringApplicationShutdownHook] INFO  com.zaxxer.hikari.HikariDataSource(close:350) - HikariPool-1 - Shutdown initiated...
2022-05-01 22:04:51,841 [SpringApplicationShutdownHook] INFO  com.zaxxer.hikari.HikariDataSource(close:352) - HikariPool-1 - Shutdown completed.
2022-05-01 22:04:59,659 [main] INFO  com.cloud.web.WebApplication(logStarting:55) - Starting WebApplication using Java 11.0.6 on LAPTOP-A4VCJ045 with PID 5020 (C:\WebCloud\web\out\production\classes started by tncks in C:\WebCloud\web)
2022-05-01 22:04:59,666 [main] INFO  com.cloud.web.WebApplication(logStartupProfileInfo:640) - No active profile set, falling back to 1 default profile: "default"
2022-05-01 22:05:00,355 [main] INFO  org.springframework.data.repository.config.RepositoryConfigurationDelegate(registerRepositoriesIn:132) - Bootstrapping Spring Data JPA repositories in DEFAULT mode.
2022-05-01 22:05:00,369 [main] INFO  org.springframework.data.repository.config.RepositoryConfigurationDelegate(registerRepositoriesIn:201) - Finished Spring Data repository scanning in 6 ms. Found 0 JPA repository interfaces.
2022-05-01 22:05:00,890 [main] INFO  org.springframework.boot.web.embedded.tomcat.TomcatWebServer(initialize:108) - Tomcat initialized with port(s): 8080 (http)
2022-05-01 22:05:00,901 [main] INFO  org.apache.coyote.http11.Http11NioProtocol(log:173) - Initializing ProtocolHandler ["http-nio-8080"]
2022-05-01 22:05:00,902 [main] INFO  org.apache.catalina.core.StandardService(log:173) - Starting service [Tomcat]
2022-05-01 22:05:00,903 [main] INFO  org.apache.catalina.core.StandardEngine(log:173) - Starting Servlet engine: [Apache Tomcat/9.0.62]
2022-05-01 22:05:01,046 [main] INFO  org.apache.catalina.core.ContainerBase.[Tomcat].[localhost].[/](log:173) - Initializing Spring embedded WebApplicationContext
2022-05-01 22:05:01,046 [main] INFO  org.springframework.boot.web.servlet.context.ServletWebServerApplicationContext(prepareWebApplicationContext:290) - Root WebApplicationContext: initialization completed in 1338 ms
2022-05-01 22:05:01,289 [main] INFO  org.hibernate.jpa.internal.util.LogHelper(logPersistenceUnitInformation:31) - HHH000204: Processing PersistenceUnitInfo [name: default]
2022-05-01 22:05:01,331 [main] INFO  org.hibernate.Version(logVersion:44) - HHH000412: Hibernate ORM core version 5.6.8.Final
2022-05-01 22:05:01,470 [main] INFO  org.hibernate.annotations.common.Version(<clinit>:56) - HCANN000001: Hibernate Commons Annotations {5.1.2.Final}
2022-05-01 22:05:01,562 [main] INFO  com.zaxxer.hikari.HikariDataSource(getConnection:110) - HikariPool-1 - Starting...
2022-05-01 22:05:01,632 [main] INFO  com.zaxxer.hikari.HikariDataSource(getConnection:123) - HikariPool-1 - Start completed.
2022-05-01 22:05:01,652 [main] INFO  org.hibernate.dialect.Dialect(<init>:175) - HHH000400: Using dialect: org.hibernate.dialect.MariaDB106Dialect
2022-05-01 22:05:02,122 [main] DEBUG org.hibernate.SQL(logStatement:144) - 
    
    drop table if exists user
2022-05-01 22:05:02,142 [main] INFO  p6spy(logSQL:60) - #1651410302142 | took 18ms | statement | connection 1| url jdbc:mariadb://localhost/cloud?user=cloud&password=***

    drop table if exists user

    drop table if exists user;
2022-05-01 22:05:02,143 [main] DEBUG org.hibernate.SQL(logStatement:144) - 
    
    drop sequence hibernate_sequence
2022-05-01 22:05:02,149 [main] INFO  p6spy(logSQL:60) - #1651410302149 | took 6ms | statement | connection 1| url jdbc:mariadb://localhost/cloud?user=cloud&password=***

    drop sequence hibernate_sequence

    drop sequence hibernate_sequence;
2022-05-01 22:05:02,152 [main] DEBUG org.hibernate.SQL(logStatement:144) - create sequence hibernate_sequence start with 1 increment by 1
2022-05-01 22:05:02,166 [main] INFO  p6spy(logSQL:60) - #1651410302166 | took 13ms | statement | connection 2| url jdbc:mariadb://localhost/cloud?user=cloud&password=***
create sequence hibernate_sequence start with 1 increment by 1
create sequence hibernate_sequence start with 1 increment by 1;
2022-05-01 22:05:02,167 [main] DEBUG org.hibernate.SQL(logStatement:144) - 
    
    create table user (
       id bigint not null,
        name varchar(255),
        primary key (id)
    ) engine=InnoDB
2022-05-01 22:05:02,175 [main] INFO  p6spy(logSQL:60) - #1651410302175 | took 7ms | statement | connection 2| url jdbc:mariadb://localhost/cloud?user=cloud&password=***

    create table user (
       id bigint not null,
        name varchar(255),
        primary key (id)
    ) engine=InnoDB

    create table user (
       id bigint not null,
        name varchar(255),
        primary key (id)
    ) engine=InnoDB;
2022-05-01 22:05:02,177 [main] INFO  org.hibernate.engine.transaction.jta.platform.internal.JtaPlatformInitiator(initiateService:52) - HHH000490: Using JtaPlatform implementation: [org.hibernate.engine.transaction.jta.platform.internal.NoJtaPlatform]
2022-05-01 22:05:02,186 [main] INFO  org.springframework.orm.jpa.LocalContainerEntityManagerFactoryBean(buildNativeEntityManagerFactory:437) - Initialized JPA EntityManagerFactory for persistence unit 'default'
2022-05-01 22:05:02,225 [main] WARN  org.springframework.boot.autoconfigure.orm.jpa.JpaBaseConfiguration$JpaWebConfiguration(openEntityManagerInViewInterceptor:219) - spring.jpa.open-in-view is enabled by default. Therefore, database queries may be performed during view rendering. Explicitly configure spring.jpa.open-in-view to disable this warning
2022-05-01 22:05:02,482 [main] WARN  org.springframework.boot.autoconfigure.thymeleaf.ThymeleafAutoConfiguration$DefaultTemplateResolverConfiguration(checkTemplateLocationExists:104) - Cannot find template location: classpath:/templates/ (please add some templates or check your Thymeleaf configuration)
2022-05-01 22:05:02,593 [main] INFO  org.apache.coyote.http11.Http11NioProtocol(log:173) - Starting ProtocolHandler ["http-nio-8080"]
2022-05-01 22:05:02,613 [main] INFO  org.springframework.boot.web.embedded.tomcat.TomcatWebServer(start:220) - Tomcat started on port(s): 8080 (http) with context path ''
2022-05-01 22:05:02,625 [main] INFO  com.cloud.web.WebApplication(logStarted:61) - Started WebApplication in 3.379 seconds (JVM running for 5.233)
2022-05-01 22:06:34,167 [SpringApplicationShutdownHook] INFO  org.springframework.orm.jpa.LocalContainerEntityManagerFactoryBean(destroy:651) - Closing JPA EntityManagerFactory for persistence unit 'default'
2022-05-01 22:06:34,169 [SpringApplicationShutdownHook] INFO  com.zaxxer.hikari.HikariDataSource(close:350) - HikariPool-1 - Shutdown initiated...
2022-05-01 22:06:34,174 [SpringApplicationShutdownHook] INFO  com.zaxxer.hikari.HikariDataSource(close:352) - HikariPool-1 - Shutdown completed.
2022-05-01 22:06:39,941 [main] INFO  com.cloud.web.WebApplication(logStarting:55) - Starting WebApplication using Java 11.0.6 on LAPTOP-A4VCJ045 with PID 12452 (C:\WebCloud\web\out\production\classes started by tncks in C:\WebCloud\web)
2022-05-01 22:06:39,949 [main] INFO  com.cloud.web.WebApplication(logStartupProfileInfo:640) - No active profile set, falling back to 1 default profile: "default"
2022-05-01 22:06:40,661 [main] INFO  org.springframework.data.repository.config.RepositoryConfigurationDelegate(registerRepositoriesIn:132) - Bootstrapping Spring Data JPA repositories in DEFAULT mode.
2022-05-01 22:06:40,678 [main] INFO  org.springframework.data.repository.config.RepositoryConfigurationDelegate(registerRepositoriesIn:201) - Finished Spring Data repository scanning in 7 ms. Found 0 JPA repository interfaces.
2022-05-01 22:06:41,358 [main] INFO  org.springframework.boot.web.embedded.tomcat.TomcatWebServer(initialize:108) - Tomcat initialized with port(s): 8080 (http)
2022-05-01 22:06:41,368 [main] INFO  org.apache.coyote.http11.Http11NioProtocol(log:173) - Initializing ProtocolHandler ["http-nio-8080"]
2022-05-01 22:06:41,369 [main] INFO  org.apache.catalina.core.StandardService(log:173) - Starting service [Tomcat]
2022-05-01 22:06:41,370 [main] INFO  org.apache.catalina.core.StandardEngine(log:173) - Starting Servlet engine: [Apache Tomcat/9.0.62]
2022-05-01 22:06:41,527 [main] INFO  org.apache.catalina.core.ContainerBase.[Tomcat].[localhost].[/](log:173) - Initializing Spring embedded WebApplicationContext
2022-05-01 22:06:41,527 [main] INFO  org.springframework.boot.web.servlet.context.ServletWebServerApplicationContext(prepareWebApplicationContext:290) - Root WebApplicationContext: initialization completed in 1532 ms
2022-05-01 22:06:41,800 [main] INFO  org.hibernate.jpa.internal.util.LogHelper(logPersistenceUnitInformation:31) - HHH000204: Processing PersistenceUnitInfo [name: default]
2022-05-01 22:06:41,859 [main] INFO  org.hibernate.Version(logVersion:44) - HHH000412: Hibernate ORM core version 5.6.8.Final
2022-05-01 22:06:42,019 [main] INFO  org.hibernate.annotations.common.Version(<clinit>:56) - HCANN000001: Hibernate Commons Annotations {5.1.2.Final}
2022-05-01 22:06:42,128 [main] INFO  com.zaxxer.hikari.HikariDataSource(getConnection:110) - HikariPool-1 - Starting...
2022-05-01 22:06:42,203 [main] INFO  com.zaxxer.hikari.HikariDataSource(getConnection:123) - HikariPool-1 - Start completed.
2022-05-01 22:06:42,225 [main] INFO  org.hibernate.dialect.Dialect(<init>:175) - HHH000400: Using dialect: org.hibernate.dialect.MariaDB106Dialect
2022-05-01 22:06:42,762 [main] DEBUG org.hibernate.SQL(logStatement:144) - 
    
    drop table if exists user
2022-05-01 22:06:42,785 [main] INFO  p6spy(logSQL:60) - #1651410402783 | took 18ms | statement | connection 1| url jdbc:mariadb://localhost/cloud?user=cloud&password=***

    drop table if exists user

    drop table if exists user;
2022-05-01 22:06:42,785 [main] DEBUG org.hibernate.SQL(logStatement:144) - 
    
    drop sequence hibernate_sequence
2022-05-01 22:06:42,791 [main] INFO  p6spy(logSQL:60) - #1651410402791 | took 6ms | statement | connection 1| url jdbc:mariadb://localhost/cloud?user=cloud&password=***

    drop sequence hibernate_sequence

    drop sequence hibernate_sequence;
2022-05-01 22:06:42,794 [main] DEBUG org.hibernate.SQL(logStatement:144) - create sequence hibernate_sequence start with 1 increment by 1
2022-05-01 22:06:42,809 [main] INFO  p6spy(logSQL:60) - #1651410402809 | took 14ms | statement | connection 2| url jdbc:mariadb://localhost/cloud?user=cloud&password=***
create sequence hibernate_sequence start with 1 increment by 1
create sequence hibernate_sequence start with 1 increment by 1;
2022-05-01 22:06:42,810 [main] DEBUG org.hibernate.SQL(logStatement:144) - 
    
    create table user (
       id bigint not null,
        name varchar(255),
        primary key (id)
    ) engine=InnoDB
2022-05-01 22:06:42,819 [main] INFO  p6spy(logSQL:60) - #1651410402819 | took 8ms | statement | connection 2| url jdbc:mariadb://localhost/cloud?user=cloud&password=***

    create table user (
       id bigint not null,
        name varchar(255),
        primary key (id)
    ) engine=InnoDB

    create table user (
       id bigint not null,
        name varchar(255),
        primary key (id)
    ) engine=InnoDB;
2022-05-01 22:06:42,821 [main] INFO  org.hibernate.engine.transaction.jta.platform.internal.JtaPlatformInitiator(initiateService:52) - HHH000490: Using JtaPlatform implementation: [org.hibernate.engine.transaction.jta.platform.internal.NoJtaPlatform]
2022-05-01 22:06:42,830 [main] INFO  org.springframework.orm.jpa.LocalContainerEntityManagerFactoryBean(buildNativeEntityManagerFactory:437) - Initialized JPA EntityManagerFactory for persistence unit 'default'
2022-05-01 22:06:42,870 [main] WARN  org.springframework.boot.autoconfigure.orm.jpa.JpaBaseConfiguration$JpaWebConfiguration(openEntityManagerInViewInterceptor:219) - spring.jpa.open-in-view is enabled by default. Therefore, database queries may be performed during view rendering. Explicitly configure spring.jpa.open-in-view to disable this warning
2022-05-01 22:06:43,169 [main] WARN  org.springframework.boot.autoconfigure.thymeleaf.ThymeleafAutoConfiguration$DefaultTemplateResolverConfiguration(checkTemplateLocationExists:104) - Cannot find template location: classpath:/templates/ (please add some templates or check your Thymeleaf configuration)
2022-05-01 22:06:43,286 [main] INFO  org.apache.coyote.http11.Http11NioProtocol(log:173) - Starting ProtocolHandler ["http-nio-8080"]
2022-05-01 22:06:43,309 [main] INFO  org.springframework.boot.web.embedded.tomcat.TomcatWebServer(start:220) - Tomcat started on port(s): 8080 (http) with context path ''
2022-05-01 22:06:43,323 [main] INFO  com.cloud.web.WebApplication(logStarted:61) - Started WebApplication in 3.827 seconds (JVM running for 5.911)
2022-05-01 22:07:29,556 [SpringApplicationShutdownHook] INFO  org.springframework.orm.jpa.LocalContainerEntityManagerFactoryBean(destroy:651) - Closing JPA EntityManagerFactory for persistence unit 'default'
2022-05-01 22:07:29,559 [SpringApplicationShutdownHook] INFO  com.zaxxer.hikari.HikariDataSource(close:350) - HikariPool-1 - Shutdown initiated...
2022-05-01 22:07:29,565 [SpringApplicationShutdownHook] INFO  com.zaxxer.hikari.HikariDataSource(close:352) - HikariPool-1 - Shutdown completed.
2022-05-01 22:07:37,098 [main] INFO  com.cloud.web.WebApplication(logStarting:55) - Starting WebApplication using Java 11.0.6 on LAPTOP-A4VCJ045 with PID 13744 (C:\WebCloud\web\out\production\classes started by tncks in C:\WebCloud\web)
2022-05-01 22:07:37,108 [main] INFO  com.cloud.web.WebApplication(logStartupProfileInfo:640) - No active profile set, falling back to 1 default profile: "default"
2022-05-01 22:07:37,834 [main] INFO  org.springframework.data.repository.config.RepositoryConfigurationDelegate(registerRepositoriesIn:132) - Bootstrapping Spring Data JPA repositories in DEFAULT mode.
2022-05-01 22:07:37,848 [main] INFO  org.springframework.data.repository.config.RepositoryConfigurationDelegate(registerRepositoriesIn:201) - Finished Spring Data repository scanning in 6 ms. Found 0 JPA repository interfaces.
2022-05-01 22:07:38,489 [main] INFO  org.springframework.boot.web.embedded.tomcat.TomcatWebServer(initialize:108) - Tomcat initialized with port(s): 8080 (http)
2022-05-01 22:07:38,502 [main] INFO  org.apache.coyote.http11.Http11NioProtocol(log:173) - Initializing ProtocolHandler ["http-nio-8080"]
2022-05-01 22:07:38,503 [main] INFO  org.apache.catalina.core.StandardService(log:173) - Starting service [Tomcat]
2022-05-01 22:07:38,504 [main] INFO  org.apache.catalina.core.StandardEngine(log:173) - Starting Servlet engine: [Apache Tomcat/9.0.62]
2022-05-01 22:07:38,656 [main] INFO  org.apache.catalina.core.ContainerBase.[Tomcat].[localhost].[/](log:173) - Initializing Spring embedded WebApplicationContext
2022-05-01 22:07:38,656 [main] INFO  org.springframework.boot.web.servlet.context.ServletWebServerApplicationContext(prepareWebApplicationContext:290) - Root WebApplicationContext: initialization completed in 1492 ms
2022-05-01 22:07:38,922 [main] INFO  org.hibernate.jpa.internal.util.LogHelper(logPersistenceUnitInformation:31) - HHH000204: Processing PersistenceUnitInfo [name: default]
2022-05-01 22:07:38,969 [main] INFO  org.hibernate.Version(logVersion:44) - HHH000412: Hibernate ORM core version 5.6.8.Final
2022-05-01 22:07:39,109 [main] INFO  org.hibernate.annotations.common.Version(<clinit>:56) - HCANN000001: Hibernate Commons Annotations {5.1.2.Final}
2022-05-01 22:07:39,217 [main] INFO  com.zaxxer.hikari.HikariDataSource(getConnection:110) - HikariPool-1 - Starting...
2022-05-01 22:07:39,289 [main] INFO  com.zaxxer.hikari.HikariDataSource(getConnection:123) - HikariPool-1 - Start completed.
2022-05-01 22:07:39,309 [main] INFO  org.hibernate.dialect.Dialect(<init>:175) - HHH000400: Using dialect: org.hibernate.dialect.MariaDB106Dialect
2022-05-01 22:07:39,805 [main] DEBUG org.hibernate.SQL(logStatement:144) - 
    
    drop table if exists user
2022-05-01 22:07:39,828 [main] INFO  p6spy(logSQL:60) - #1651410459827 | took 20ms | statement | connection 1| url jdbc:mariadb://localhost/cloud?user=cloud&password=***

    drop table if exists user

    drop table if exists user;
2022-05-01 22:07:39,828 [main] DEBUG org.hibernate.SQL(logStatement:144) - 
    
    drop sequence hibernate_sequence
2022-05-01 22:07:39,835 [main] INFO  p6spy(logSQL:60) - #1651410459834 | took 5ms | statement | connection 1| url jdbc:mariadb://localhost/cloud?user=cloud&password=***

    drop sequence hibernate_sequence

    drop sequence hibernate_sequence;
2022-05-01 22:07:39,838 [main] DEBUG org.hibernate.SQL(logStatement:144) - create sequence hibernate_sequence start with 1 increment by 1
2022-05-01 22:07:39,856 [main] INFO  p6spy(logSQL:60) - #1651410459856 | took 17ms | statement | connection 2| url jdbc:mariadb://localhost/cloud?user=cloud&password=***
create sequence hibernate_sequence start with 1 increment by 1
create sequence hibernate_sequence start with 1 increment by 1;
2022-05-01 22:07:39,857 [main] DEBUG org.hibernate.SQL(logStatement:144) - 
    
    create table user (
       id bigint not null,
        name varchar(255),
        primary key (id)
    ) engine=InnoDB
2022-05-01 22:07:39,866 [main] INFO  p6spy(logSQL:60) - #1651410459866 | took 8ms | statement | connection 2| url jdbc:mariadb://localhost/cloud?user=cloud&password=***

    create table user (
       id bigint not null,
        name varchar(255),
        primary key (id)
    ) engine=InnoDB

    create table user (
       id bigint not null,
        name varchar(255),
        primary key (id)
    ) engine=InnoDB;
2022-05-01 22:07:39,868 [main] INFO  org.hibernate.engine.transaction.jta.platform.internal.JtaPlatformInitiator(initiateService:52) - HHH000490: Using JtaPlatform implementation: [org.hibernate.engine.transaction.jta.platform.internal.NoJtaPlatform]
2022-05-01 22:07:39,878 [main] INFO  org.springframework.orm.jpa.LocalContainerEntityManagerFactoryBean(buildNativeEntityManagerFactory:437) - Initialized JPA EntityManagerFactory for persistence unit 'default'
2022-05-01 22:07:39,917 [main] WARN  org.springframework.boot.autoconfigure.orm.jpa.JpaBaseConfiguration$JpaWebConfiguration(openEntityManagerInViewInterceptor:219) - spring.jpa.open-in-view is enabled by default. Therefore, database queries may be performed during view rendering. Explicitly configure spring.jpa.open-in-view to disable this warning
2022-05-01 22:07:40,242 [main] WARN  org.springframework.boot.autoconfigure.thymeleaf.ThymeleafAutoConfiguration$DefaultTemplateResolverConfiguration(checkTemplateLocationExists:104) - Cannot find template location: classpath:/templates/ (please add some templates or check your Thymeleaf configuration)
2022-05-01 22:07:40,362 [main] INFO  org.apache.coyote.http11.Http11NioProtocol(log:173) - Starting ProtocolHandler ["http-nio-8080"]
2022-05-01 22:07:40,383 [main] INFO  org.springframework.boot.web.embedded.tomcat.TomcatWebServer(start:220) - Tomcat started on port(s): 8080 (http) with context path ''
2022-05-01 22:07:40,399 [main] INFO  com.cloud.web.WebApplication(logStarted:61) - Started WebApplication in 3.739 seconds (JVM running for 5.719)
2022-05-01 22:07:55,837 [SpringApplicationShutdownHook] INFO  org.springframework.orm.jpa.LocalContainerEntityManagerFactoryBean(destroy:651) - Closing JPA EntityManagerFactory for persistence unit 'default'
2022-05-01 22:07:55,840 [SpringApplicationShutdownHook] INFO  com.zaxxer.hikari.HikariDataSource(close:350) - HikariPool-1 - Shutdown initiated...
2022-05-01 22:07:55,848 [SpringApplicationShutdownHook] INFO  com.zaxxer.hikari.HikariDataSource(close:352) - HikariPool-1 - Shutdown completed.
2022-05-01 22:16:19,356 [main] INFO  org.springframework.boot.test.context.SpringBootTestContextBootstrapper(buildDefaultMergedContextConfiguration:305) - Neither @ContextConfiguration nor @ContextHierarchy found for test class [com.cloud.web.repository.UserRepositoryTest], using SpringBootContextLoader
2022-05-01 22:16:19,385 [main] INFO  org.springframework.test.context.support.AbstractContextLoader(generateDefaultLocations:264) - Could not detect default resource locations for test class [com.cloud.web.repository.UserRepositoryTest]: no resource found for suffixes {-context.xml, Context.groovy}.
2022-05-01 22:16:19,387 [main] INFO  org.springframework.test.context.support.AnnotationConfigContextLoaderUtils(detectDefaultConfigurationClasses:83) - Could not detect default configuration classes for test class [com.cloud.web.repository.UserRepositoryTest]: UserRepositoryTest does not declare any static, non-private, non-final, nested classes annotated with @Configuration.
2022-05-01 22:16:19,691 [main] INFO  org.springframework.boot.test.context.SpringBootTestContextBootstrapper(getOrFindConfigurationClasses:238) - Found @SpringBootConfiguration com.cloud.web.WebApplication for test class com.cloud.web.repository.UserRepositoryTest
2022-05-01 22:16:19,909 [main] INFO  org.springframework.boot.test.context.SpringBootTestContextBootstrapper(getDefaultTestExecutionListenerClassNames:245) - Loaded default TestExecutionListener class names from location [META-INF/spring.factories]: [org.springframework.boot.test.autoconfigure.restdocs.RestDocsTestExecutionListener, org.springframework.boot.test.autoconfigure.web.client.MockRestServiceServerResetTestExecutionListener, org.springframework.boot.test.autoconfigure.web.servlet.MockMvcPrintOnlyOnFailureTestExecutionListener, org.springframework.boot.test.autoconfigure.web.servlet.WebDriverTestExecutionListener, org.springframework.boot.test.autoconfigure.webservices.client.MockWebServiceServerTestExecutionListener, org.springframework.boot.test.mock.mockito.MockitoTestExecutionListener, org.springframework.boot.test.mock.mockito.ResetMocksTestExecutionListener, org.springframework.test.context.web.ServletTestExecutionListener, org.springframework.test.context.support.DirtiesContextBeforeModesTestExecutionListener, org.springframework.test.context.event.ApplicationEventsTestExecutionListener, org.springframework.test.context.support.DependencyInjectionTestExecutionListener, org.springframework.test.context.support.DirtiesContextTestExecutionListener, org.springframework.test.context.transaction.TransactionalTestExecutionListener, org.springframework.test.context.jdbc.SqlScriptsTestExecutionListener, org.springframework.test.context.event.EventPublishingTestExecutionListener]
2022-05-01 22:16:19,936 [main] INFO  org.springframework.boot.test.context.SpringBootTestContextBootstrapper(getTestExecutionListeners:174) - Using TestExecutionListeners: [org.springframework.test.context.web.ServletTestExecutionListener@2d8f2f3a, org.springframework.test.context.support.DirtiesContextBeforeModesTestExecutionListener@2024293c, org.springframework.test.context.event.ApplicationEventsTestExecutionListener@7048f722, org.springframework.boot.test.mock.mockito.MockitoTestExecutionListener@c074c0c, org.springframework.boot.test.autoconfigure.SpringBootDependencyInjectionTestExecutionListener@58a55449, org.springframework.test.context.support.DirtiesContextTestExecutionListener@5949eba8, org.springframework.test.context.transaction.TransactionalTestExecutionListener@6e0ff644, org.springframework.test.context.jdbc.SqlScriptsTestExecutionListener@58dea0a5, org.springframework.test.context.event.EventPublishingTestExecutionListener@2a2bb0eb, org.springframework.boot.test.autoconfigure.restdocs.RestDocsTestExecutionListener@3c291aad, org.springframework.boot.test.autoconfigure.web.client.MockRestServiceServerResetTestExecutionListener@2d0566ba, org.springframework.boot.test.autoconfigure.web.servlet.MockMvcPrintOnlyOnFailureTestExecutionListener@733037, org.springframework.boot.test.autoconfigure.web.servlet.WebDriverTestExecutionListener@7728643a, org.springframework.boot.test.autoconfigure.webservices.client.MockWebServiceServerTestExecutionListener@320e400, org.springframework.boot.test.mock.mockito.ResetMocksTestExecutionListener@5167268]
2022-05-01 22:16:36,950 [main] INFO  org.springframework.boot.test.context.SpringBootTestContextBootstrapper(buildDefaultMergedContextConfiguration:305) - Neither @ContextConfiguration nor @ContextHierarchy found for test class [com.cloud.web.repository.UserRepositoryTest], using SpringBootContextLoader
2022-05-01 22:16:36,969 [main] INFO  org.springframework.test.context.support.AbstractContextLoader(generateDefaultLocations:264) - Could not detect default resource locations for test class [com.cloud.web.repository.UserRepositoryTest]: no resource found for suffixes {-context.xml, Context.groovy}.
2022-05-01 22:16:36,971 [main] INFO  org.springframework.test.context.support.AnnotationConfigContextLoaderUtils(detectDefaultConfigurationClasses:83) - Could not detect default configuration classes for test class [com.cloud.web.repository.UserRepositoryTest]: UserRepositoryTest does not declare any static, non-private, non-final, nested classes annotated with @Configuration.
2022-05-01 22:16:37,182 [main] INFO  org.springframework.boot.test.context.SpringBootTestContextBootstrapper(getOrFindConfigurationClasses:238) - Found @SpringBootConfiguration com.cloud.web.WebApplication for test class com.cloud.web.repository.UserRepositoryTest
2022-05-01 22:16:37,341 [main] INFO  org.springframework.boot.test.context.SpringBootTestContextBootstrapper(getDefaultTestExecutionListenerClassNames:245) - Loaded default TestExecutionListener class names from location [META-INF/spring.factories]: [org.springframework.boot.test.autoconfigure.restdocs.RestDocsTestExecutionListener, org.springframework.boot.test.autoconfigure.web.client.MockRestServiceServerResetTestExecutionListener, org.springframework.boot.test.autoconfigure.web.servlet.MockMvcPrintOnlyOnFailureTestExecutionListener, org.springframework.boot.test.autoconfigure.web.servlet.WebDriverTestExecutionListener, org.springframework.boot.test.autoconfigure.webservices.client.MockWebServiceServerTestExecutionListener, org.springframework.boot.test.mock.mockito.MockitoTestExecutionListener, org.springframework.boot.test.mock.mockito.ResetMocksTestExecutionListener, org.springframework.test.context.web.ServletTestExecutionListener, org.springframework.test.context.support.DirtiesContextBeforeModesTestExecutionListener, org.springframework.test.context.event.ApplicationEventsTestExecutionListener, org.springframework.test.context.support.DependencyInjectionTestExecutionListener, org.springframework.test.context.support.DirtiesContextTestExecutionListener, org.springframework.test.context.transaction.TransactionalTestExecutionListener, org.springframework.test.context.jdbc.SqlScriptsTestExecutionListener, org.springframework.test.context.event.EventPublishingTestExecutionListener]
2022-05-01 22:16:37,372 [main] INFO  org.springframework.boot.test.context.SpringBootTestContextBootstrapper(getTestExecutionListeners:174) - Using TestExecutionListeners: [org.springframework.test.context.web.ServletTestExecutionListener@2d8f2f3a, org.springframework.test.context.support.DirtiesContextBeforeModesTestExecutionListener@2024293c, org.springframework.test.context.event.ApplicationEventsTestExecutionListener@7048f722, org.springframework.boot.test.mock.mockito.MockitoTestExecutionListener@c074c0c, org.springframework.boot.test.autoconfigure.SpringBootDependencyInjectionTestExecutionListener@58a55449, org.springframework.test.context.support.DirtiesContextTestExecutionListener@5949eba8, org.springframework.test.context.transaction.TransactionalTestExecutionListener@6e0ff644, org.springframework.test.context.jdbc.SqlScriptsTestExecutionListener@58dea0a5, org.springframework.test.context.event.EventPublishingTestExecutionListener@2a2bb0eb, org.springframework.boot.test.autoconfigure.restdocs.RestDocsTestExecutionListener@3c291aad, org.springframework.boot.test.autoconfigure.web.client.MockRestServiceServerResetTestExecutionListener@2d0566ba, org.springframework.boot.test.autoconfigure.web.servlet.MockMvcPrintOnlyOnFailureTestExecutionListener@733037, org.springframework.boot.test.autoconfigure.web.servlet.WebDriverTestExecutionListener@7728643a, org.springframework.boot.test.autoconfigure.webservices.client.MockWebServiceServerTestExecutionListener@320e400, org.springframework.boot.test.mock.mockito.ResetMocksTestExecutionListener@5167268]
2022-05-01 22:16:37,913 [main] INFO  com.cloud.web.repository.UserRepositoryTest(logStarting:55) - Starting UserRepositoryTest using Java 11.0.6 on LAPTOP-A4VCJ045 with PID 13192 (started by tncks in C:\WebCloud\web)
2022-05-01 22:16:37,918 [main] INFO  com.cloud.web.repository.UserRepositoryTest(logStartupProfileInfo:640) - No active profile set, falling back to 1 default profile: "default"
2022-05-01 22:16:38,941 [main] INFO  org.springframework.data.repository.config.RepositoryConfigurationDelegate(registerRepositoriesIn:132) - Bootstrapping Spring Data JPA repositories in DEFAULT mode.
2022-05-01 22:16:39,057 [main] INFO  org.springframework.data.repository.config.RepositoryConfigurationDelegate(registerRepositoriesIn:201) - Finished Spring Data repository scanning in 101 ms. Found 1 JPA repository interfaces.
2022-05-01 22:16:40,121 [main] INFO  org.hibernate.jpa.internal.util.LogHelper(logPersistenceUnitInformation:31) - HHH000204: Processing PersistenceUnitInfo [name: default]
2022-05-01 22:16:40,213 [main] INFO  org.hibernate.Version(logVersion:44) - HHH000412: Hibernate ORM core version 5.6.8.Final
2022-05-01 22:16:40,509 [main] INFO  org.hibernate.annotations.common.Version(<clinit>:56) - HCANN000001: Hibernate Commons Annotations {5.1.2.Final}
2022-05-01 22:16:41,382 [main] INFO  com.zaxxer.hikari.HikariDataSource(getConnection:110) - HikariPool-1 - Starting...
2022-05-01 22:16:41,525 [main] INFO  com.zaxxer.hikari.HikariDataSource(getConnection:123) - HikariPool-1 - Start completed.
2022-05-01 22:16:41,588 [main] INFO  org.hibernate.dialect.Dialect(<init>:175) - HHH000400: Using dialect: org.hibernate.dialect.MariaDB106Dialect
2022-05-01 22:16:42,532 [main] DEBUG org.hibernate.SQL(logStatement:144) - 
    
    drop table if exists user
2022-05-01 22:16:42,550 [main] INFO  p6spy(logSQL:60) - #1651411002549 | took 12ms | statement | connection 1| url jdbc:mariadb://localhost/cloud?user=cloud&password=***

    drop table if exists user

    drop table if exists user;
2022-05-01 22:16:42,550 [main] DEBUG org.hibernate.SQL(logStatement:144) - 
    
    drop sequence hibernate_sequence
2022-05-01 22:16:42,557 [main] INFO  p6spy(logSQL:60) - #1651411002557 | took 6ms | statement | connection 1| url jdbc:mariadb://localhost/cloud?user=cloud&password=***

    drop sequence hibernate_sequence

    drop sequence hibernate_sequence;
2022-05-01 22:16:42,561 [main] DEBUG org.hibernate.SQL(logStatement:144) - create sequence hibernate_sequence start with 1 increment by 1
2022-05-01 22:16:42,580 [main] INFO  p6spy(logSQL:60) - #1651411002580 | took 18ms | statement | connection 2| url jdbc:mariadb://localhost/cloud?user=cloud&password=***
create sequence hibernate_sequence start with 1 increment by 1
create sequence hibernate_sequence start with 1 increment by 1;
2022-05-01 22:16:42,582 [main] DEBUG org.hibernate.SQL(logStatement:144) - 
    
    create table user (
       id bigint not null,
        name varchar(255),
        primary key (id)
    ) engine=InnoDB
2022-05-01 22:16:42,592 [main] INFO  p6spy(logSQL:60) - #1651411002591 | took 9ms | statement | connection 2| url jdbc:mariadb://localhost/cloud?user=cloud&password=***

    create table user (
       id bigint not null,
        name varchar(255),
        primary key (id)
    ) engine=InnoDB

    create table user (
       id bigint not null,
        name varchar(255),
        primary key (id)
    ) engine=InnoDB;
2022-05-01 22:16:42,594 [main] INFO  org.hibernate.engine.transaction.jta.platform.internal.JtaPlatformInitiator(initiateService:52) - HHH000490: Using JtaPlatform implementation: [org.hibernate.engine.transaction.jta.platform.internal.NoJtaPlatform]
2022-05-01 22:16:42,612 [main] INFO  org.springframework.orm.jpa.LocalContainerEntityManagerFactoryBean(buildNativeEntityManagerFactory:437) - Initialized JPA EntityManagerFactory for persistence unit 'default'
2022-05-01 22:16:43,023 [main] WARN  org.springframework.boot.autoconfigure.orm.jpa.JpaBaseConfiguration$JpaWebConfiguration(openEntityManagerInViewInterceptor:219) - spring.jpa.open-in-view is enabled by default. Therefore, database queries may be performed during view rendering. Explicitly configure spring.jpa.open-in-view to disable this warning
2022-05-01 22:16:43,841 [main] WARN  org.springframework.boot.autoconfigure.thymeleaf.ThymeleafAutoConfiguration$DefaultTemplateResolverConfiguration(checkTemplateLocationExists:104) - Cannot find template location: classpath:/templates/ (please add some templates or check your Thymeleaf configuration)
2022-05-01 22:16:44,612 [main] INFO  com.cloud.web.repository.UserRepositoryTest(logStarted:61) - Started UserRepositoryTest in 7.147 seconds (JVM running for 9.423)
2022-05-01 22:16:44,680 [main] INFO  org.springframework.test.context.transaction.TransactionContext(startTransaction:107) - Began transaction (1) for test context [DefaultTestContext@2c86b0ea testClass = UserRepositoryTest, testInstance = com.cloud.web.repository.UserRepositoryTest@4e481512, testMethod = test@UserRepositoryTest, testException = [null], mergedContextConfiguration = [WebMergedContextConfiguration@1ba98508 testClass = UserRepositoryTest, locations = '{}', classes = '{class com.cloud.web.WebApplication}', contextInitializerClasses = '[]', activeProfiles = '{}', propertySourceLocations = '{}', propertySourceProperties = '{org.springframework.boot.test.context.SpringBootTestContextBootstrapper=true}', contextCustomizers = set[org.springframework.boot.test.autoconfigure.actuate.metrics.MetricsExportContextCustomizerFactory$DisableMetricExportContextCustomizer@7fc6de5b, org.springframework.boot.test.autoconfigure.properties.PropertyMappingContextCustomizer@0, org.springframework.boot.test.autoconfigure.web.servlet.WebDriverContextCustomizerFactory$Customizer@2b5825fa, org.springframework.boot.test.context.filter.ExcludeFilterContextCustomizer@2262b621, org.springframework.boot.test.json.DuplicateJsonObjectContextCustomizerFactory$DuplicateJsonObjectContextCustomizer@788fcafb, org.springframework.boot.test.mock.mockito.MockitoContextCustomizer@0, org.springframework.boot.test.web.client.TestRestTemplateContextCustomizer@505a9d7c, org.springframework.boot.test.context.SpringBootTestArgs@1, org.springframework.boot.test.context.SpringBootTestWebEnvironment@23fb172e], resourceBasePath = 'src/main/webapp', contextLoader = 'org.springframework.boot.test.context.SpringBootContextLoader', parent = [null]], attributes = map['org.springframework.test.context.web.ServletTestExecutionListener.activateListener' -> true, 'org.springframework.test.context.web.ServletTestExecutionListener.populatedRequestContextHolder' -> true, 'org.springframework.test.context.web.ServletTestExecutionListener.resetRequestContextHolder' -> true, 'org.springframework.test.context.event.ApplicationEventsTestExecutionListener.recordApplicationEvents' -> false]]; transaction manager [org.springframework.orm.jpa.JpaTransactionManager@570127fa]; rollback [true]
2022-05-01 22:16:44,893 [main] DEBUG org.hibernate.SQL(logStatement:144) - 
    select
        nextval(hibernate_sequence)
2022-05-01 22:16:44,929 [main] INFO  p6spy(logSQL:60) - #1651411004929 | took 15ms | statement | connection 3| url jdbc:mariadb://localhost/cloud?user=cloud&password=***
select nextval(hibernate_sequence)
select nextval(hibernate_sequence);
2022-05-01 22:16:45,065 [main] INFO  p6spy(logSQL:60) - #1651411005065 | took 0ms | rollback | connection 3| url jdbc:mariadb://localhost/cloud?user=cloud&password=***

;
2022-05-01 22:16:45,070 [main] INFO  org.springframework.test.context.transaction.TransactionContext(endTransaction:139) - Rolled back transaction for test: [DefaultTestContext@2c86b0ea testClass = UserRepositoryTest, testInstance = com.cloud.web.repository.UserRepositoryTest@4e481512, testMethod = test@UserRepositoryTest, testException = [null], mergedContextConfiguration = [WebMergedContextConfiguration@1ba98508 testClass = UserRepositoryTest, locations = '{}', classes = '{class com.cloud.web.WebApplication}', contextInitializerClasses = '[]', activeProfiles = '{}', propertySourceLocations = '{}', propertySourceProperties = '{org.springframework.boot.test.context.SpringBootTestContextBootstrapper=true}', contextCustomizers = set[org.springframework.boot.test.autoconfigure.actuate.metrics.MetricsExportContextCustomizerFactory$DisableMetricExportContextCustomizer@7fc6de5b, org.springframework.boot.test.autoconfigure.properties.PropertyMappingContextCustomizer@0, org.springframework.boot.test.autoconfigure.web.servlet.WebDriverContextCustomizerFactory$Customizer@2b5825fa, org.springframework.boot.test.context.filter.ExcludeFilterContextCustomizer@2262b621, org.springframework.boot.test.json.DuplicateJsonObjectContextCustomizerFactory$DuplicateJsonObjectContextCustomizer@788fcafb, org.springframework.boot.test.mock.mockito.MockitoContextCustomizer@0, org.springframework.boot.test.web.client.TestRestTemplateContextCustomizer@505a9d7c, org.springframework.boot.test.context.SpringBootTestArgs@1, org.springframework.boot.test.context.SpringBootTestWebEnvironment@23fb172e], resourceBasePath = 'src/main/webapp', contextLoader = 'org.springframework.boot.test.context.SpringBootContextLoader', parent = [null]], attributes = map['org.springframework.test.context.web.ServletTestExecutionListener.activateListener' -> true, 'org.springframework.test.context.web.ServletTestExecutionListener.populatedRequestContextHolder' -> true, 'org.springframework.test.context.web.ServletTestExecutionListener.resetRequestContextHolder' -> true, 'org.springframework.test.context.event.ApplicationEventsTestExecutionListener.recordApplicationEvents' -> false]]
2022-05-01 22:16:45,083 [SpringApplicationShutdownHook] INFO  org.springframework.orm.jpa.LocalContainerEntityManagerFactoryBean(destroy:651) - Closing JPA EntityManagerFactory for persistence unit 'default'
2022-05-01 22:16:45,086 [SpringApplicationShutdownHook] INFO  com.zaxxer.hikari.HikariDataSource(close:350) - HikariPool-1 - Shutdown initiated...
2022-05-01 22:16:45,095 [SpringApplicationShutdownHook] INFO  com.zaxxer.hikari.HikariDataSource(close:352) - HikariPool-1 - Shutdown completed.
